Start testing: Dec 18 13:18 MST
----------------------------------------------------------
1/146 Testing: default_single.tcl
1/146 Test: default_single.tcl
Command: "/usr/local/bin/cmake" "-DPARFLOW_TEST=default_single.tcl;1;1;1" "-P" "/Users/jackson/ParF/parflow/cmake/modules/RunParallelTest.cmake"
Directory: /Users/jackson/ParF/parflow/examples
"default_single.tcl" start time: Dec 18 13:18 MST
Output:
----------------------------------------------------------
[jackson-igwmc-desktop:46424] *** An error occurred in MPI_Comm_split
[jackson-igwmc-desktop:46424] *** reported by process [1930231809,0]
[jackson-igwmc-desktop:46424] *** on communicator MPI_COMM_WORLD
[jackson-igwmc-desktop:46424] *** MPI_ERR_ARG: invalid argument of some other kind
[jackson-igwmc-desktop:46424] *** MPI_ERRORS_ARE_FATAL (processes in this communicator will now abort,
[jackson-igwmc-desktop:46424] ***    and potentially your MPI job)
child process exited abnormally
    while executing
"exec sh /Users/jackson/ParF/parflow/bin/run default_single 1"
    ("eval" body line 1)
    invoked from within
"eval exec sh $Parflow::PARFLOW_DIR/bin/run  $runname $NumProcs"
    invoked from within
"if [pfexists Process.Command] {
	set command [pfget Process.Command]
	puts [format "Using command : %s" [format $command $NumProcs $runname]]
	puts [e..."
    (procedure "pfrun" line 53)
    invoked from within
"pfrun default_single"
    (file "default_single.tcl" line 363)

CMake Error at /Users/jackson/ParF/parflow/cmake/modules/RunParallelTest.cmake:14 (message):
  Error running tclsh;default_single.tcl;1;1;1
Call Stack (most recent call first):
  /Users/jackson/ParF/parflow/cmake/modules/RunParallelTest.cmake:63 (pf_exec_check)


<end of output>
Test time =   2.37 sec
----------------------------------------------------------
Test Failed.
"default_single.tcl" end time: Dec 18 13:18 MST
"default_single.tcl" time elapsed: 00:00:02
----------------------------------------------------------

2/146 Testing: default_richards_wells.tcl
2/146 Test: default_richards_wells.tcl
Command: "/usr/local/bin/cmake" "-DPARFLOW_TEST=default_richards_wells.tcl;1;1;1" "-P" "/Users/jackson/ParF/parflow/cmake/modules/RunParallelTest.cmake"
Directory: /Users/jackson/ParF/parflow/test
"default_richards_wells.tcl" start time: Dec 18 13:18 MST
Output:
----------------------------------------------------------
[jackson-igwmc-desktop:46437] *** An error occurred in MPI_Comm_split
[jackson-igwmc-desktop:46437] *** reported by process [1933443073,0]
[jackson-igwmc-desktop:46437] *** on communicator MPI_COMM_WORLD
[jackson-igwmc-desktop:46437] *** MPI_ERR_ARG: invalid argument of some other kind
[jackson-igwmc-desktop:46437] *** MPI_ERRORS_ARE_FATAL (processes in this communicator will now abort,
[jackson-igwmc-desktop:46437] ***    and potentially your MPI job)
child process exited abnormally
    while executing
"exec sh /Users/jackson/ParF/parflow/bin/run default_richards_wells 1"
    ("eval" body line 1)
    invoked from within
"eval exec sh $Parflow::PARFLOW_DIR/bin/run  $runname $NumProcs"
    invoked from within
"if [pfexists Process.Command] {
	set command [pfget Process.Command]
	puts [format "Using command : %s" [format $command $NumProcs $runname]]
	puts [e..."
    (procedure "pfrun" line 53)
    invoked from within
"pfrun $runname"
    (file "default_richards_wells.tcl" line 358)

CMake Error at /Users/jackson/ParF/parflow/cmake/modules/RunParallelTest.cmake:14 (message):
  Error running tclsh;default_richards_wells.tcl;1;1;1
Call Stack (most recent call first):
  /Users/jackson/ParF/parflow/cmake/modules/RunParallelTest.cmake:63 (pf_exec_check)


<end of output>
Test time =   1.49 sec
----------------------------------------------------------
Test Failed.
"default_richards_wells.tcl" end time: Dec 18 13:18 MST
"default_richards_wells.tcl" time elapsed: 00:00:01
----------------------------------------------------------

3/146 Testing: forsyth2.tcl
3/146 Test: forsyth2.tcl
Command: "/usr/local/bin/cmake" "-DPARFLOW_TEST=forsyth2.tcl;1;1;1" "-P" "/Users/jackson/ParF/parflow/cmake/modules/RunParallelTest.cmake"
Directory: /Users/jackson/ParF/parflow/examples
"forsyth2.tcl" start time: Dec 18 13:18 MST
Output:
----------------------------------------------------------
[jackson-igwmc-desktop:46450] *** An error occurred in MPI_Comm_split
[jackson-igwmc-desktop:46450] *** reported by process [1932197889,0]
[jackson-igwmc-desktop:46450] *** on communicator MPI_COMM_WORLD
[jackson-igwmc-desktop:46450] *** MPI_ERR_ARG: invalid argument of some other kind
[jackson-igwmc-desktop:46450] *** MPI_ERRORS_ARE_FATAL (processes in this communicator will now abort,
[jackson-igwmc-desktop:46450] ***    and potentially your MPI job)
child process exited abnormally
    while executing
"exec sh /Users/jackson/ParF/parflow/bin/run forsyth2 1"
    ("eval" body line 1)
    invoked from within
"eval exec sh $Parflow::PARFLOW_DIR/bin/run  $runname $NumProcs"
    invoked from within
"if [pfexists Process.Command] {
	set command [pfget Process.Command]
	puts [format "Using command : %s" [format $command $NumProcs $runname]]
	puts [e..."
    (procedure "pfrun" line 53)
    invoked from within
"pfrun forsyth2"
    (file "forsyth2.tcl" line 465)

CMake Error at /Users/jackson/ParF/parflow/cmake/modules/RunParallelTest.cmake:14 (message):
  Error running tclsh;forsyth2.tcl;1;1;1
Call Stack (most recent call first):
  /Users/jackson/ParF/parflow/cmake/modules/RunParallelTest.cmake:63 (pf_exec_check)


<end of output>
Test time =   1.25 sec
----------------------------------------------------------
Test Failed.
"forsyth2.tcl" end time: Dec 18 13:18 MST
"forsyth2.tcl" time elapsed: 00:00:01
----------------------------------------------------------

4/146 Testing: harvey.flow.tcl
4/146 Test: harvey.flow.tcl
Command: "/usr/local/bin/cmake" "-DPARFLOW_TEST=harvey.flow.tcl;1;1;1" "-P" "/Users/jackson/ParF/parflow/cmake/modules/RunParallelTest.cmake"
Directory: /Users/jackson/ParF/parflow/test
"harvey.flow.tcl" start time: Dec 18 13:18 MST
Output:
----------------------------------------------------------
[jackson-igwmc-desktop:46465] *** An error occurred in MPI_Comm_split
[jackson-igwmc-desktop:46465] *** reported by process [1943666689,0]
[jackson-igwmc-desktop:46465] *** on communicator MPI_COMM_WORLD
[jackson-igwmc-desktop:46465] *** MPI_ERR_ARG: invalid argument of some other kind
[jackson-igwmc-desktop:46465] *** MPI_ERRORS_ARE_FATAL (processes in this communicator will now abort,
[jackson-igwmc-desktop:46465] ***    and potentially your MPI job)
child process exited abnormally
    while executing
"exec sh /Users/jackson/ParF/parflow/bin/run harvey_flow.1 1"
    ("eval" body line 1)
    invoked from within
"eval exec sh $Parflow::PARFLOW_DIR/bin/run  $runname $NumProcs"
    invoked from within
"if [pfexists Process.Command] {
	set command [pfget Process.Command]
	puts [format "Using command : %s" [format $command $NumProcs $runname]]
	puts [e..."
    (procedure "pfrun" line 53)
    invoked from within
"pfrun harvey_flow.$k"
    ("for" body line 10)
    invoked from within
"for {set k 1} {$k <= $n_runs} {incr k 1} {
#
# set the random seed to be different for every run
#
pfset Geom.upper_aquifer.Perm.Seed  [ expr 33333+2*..."
    (file "harvey.flow.tcl" line 351)

CMake Error at /Users/jackson/ParF/parflow/cmake/modules/RunParallelTest.cmake:14 (message):
  Error running tclsh;harvey.flow.tcl;1;1;1
Call Stack (most recent call first):
  /Users/jackson/ParF/parflow/cmake/modules/RunParallelTest.cmake:63 (pf_exec_check)


<end of output>
Test time =   1.24 sec
----------------------------------------------------------
Test Failed.
"harvey.flow.tcl" end time: Dec 18 13:18 MST
"harvey.flow.tcl" time elapsed: 00:00:01
----------------------------------------------------------

5/146 Testing: harvey_flow_pgs.tcl
5/146 Test: harvey_flow_pgs.tcl
Command: "/usr/local/bin/cmake" "-DPARFLOW_TEST=harvey_flow_pgs.tcl;1;1;1" "-P" "/Users/jackson/ParF/parflow/cmake/modules/RunParallelTest.cmake"
Directory: /Users/jackson/ParF/parflow/test
"harvey_flow_pgs.tcl" start time: Dec 18 13:18 MST
Output:
----------------------------------------------------------
[jackson-igwmc-desktop:46477] *** An error occurred in MPI_Comm_split
[jackson-igwmc-desktop:46477] *** reported by process [1943404545,0]
[jackson-igwmc-desktop:46477] *** on communicator MPI_COMM_WORLD
[jackson-igwmc-desktop:46477] *** MPI_ERR_ARG: invalid argument of some other kind
[jackson-igwmc-desktop:46477] *** MPI_ERRORS_ARE_FATAL (processes in this communicator will now abort,
[jackson-igwmc-desktop:46477] ***    and potentially your MPI job)
child process exited abnormally
    while executing
"exec sh /Users/jackson/ParF/parflow/bin/run harvey_flow_pgs.1 1"
    ("eval" body line 1)
    invoked from within
"eval exec sh $Parflow::PARFLOW_DIR/bin/run  $runname $NumProcs"
    invoked from within
"if [pfexists Process.Command] {
	set command [pfget Process.Command]
	puts [format "Using command : %s" [format $command $NumProcs $runname]]
	puts [e..."
    (procedure "pfrun" line 53)
    invoked from within
"pfrun harvey_flow_pgs.$k"
    ("for" body line 10)
    invoked from within
"for {set k 1} {$k <= $n_runs} {incr k 1} {
#
# set the random seed to be different for every run
#
pfset Geom.upper_aquifer.Perm.Seed  [ expr 33333+2*..."
    (file "harvey_flow_pgs.tcl" line 354)

CMake Error at /Users/jackson/ParF/parflow/cmake/modules/RunParallelTest.cmake:14 (message):
  Error running tclsh;harvey_flow_pgs.tcl;1;1;1
Call Stack (most recent call first):
  /Users/jackson/ParF/parflow/cmake/modules/RunParallelTest.cmake:63 (pf_exec_check)


<end of output>
Test time =   1.24 sec
----------------------------------------------------------
Test Failed.
"harvey_flow_pgs.tcl" end time: Dec 18 13:18 MST
"harvey_flow_pgs.tcl" time elapsed: 00:00:01
----------------------------------------------------------

6/146 Testing: crater2D.tcl
6/146 Test: crater2D.tcl
Command: "/usr/local/bin/cmake" "-DPARFLOW_TEST=crater2D.tcl;1;1;1" "-P" "/Users/jackson/ParF/parflow/cmake/modules/RunParallelTest.cmake"
Directory: /Users/jackson/ParF/parflow/test
"crater2D.tcl" start time: Dec 18 13:18 MST
Output:
----------------------------------------------------------
[jackson-igwmc-desktop:46489] *** An error occurred in MPI_Comm_split
[jackson-igwmc-desktop:46489] *** reported by process [1942093825,0]
[jackson-igwmc-desktop:46489] *** on communicator MPI_COMM_WORLD
[jackson-igwmc-desktop:46489] *** MPI_ERR_ARG: invalid argument of some other kind
[jackson-igwmc-desktop:46489] *** MPI_ERRORS_ARE_FATAL (processes in this communicator will now abort,
[jackson-igwmc-desktop:46489] ***    and potentially your MPI job)
child process exited abnormally
    while executing
"exec sh /Users/jackson/ParF/parflow/bin/run crater 1"
    ("eval" body line 1)
    invoked from within
"eval exec sh $Parflow::PARFLOW_DIR/bin/run  $runname $NumProcs"
    invoked from within
"if [pfexists Process.Command] {
	set command [pfget Process.Command]
	puts [format "Using command : %s" [format $command $NumProcs $runname]]
	puts [e..."
    (procedure "pfrun" line 53)
    invoked from within
"pfrun crater"
    (file "crater2D.tcl" line 469)

CMake Error at /Users/jackson/ParF/parflow/cmake/modules/RunParallelTest.cmake:14 (message):
  Error running tclsh;crater2D.tcl;1;1;1
Call Stack (most recent call first):
  /Users/jackson/ParF/parflow/cmake/modules/RunParallelTest.cmake:63 (pf_exec_check)


<end of output>
Test time =   1.23 sec
----------------------------------------------------------
Test Failed.
"crater2D.tcl" end time: Dec 18 13:18 MST
"crater2D.tcl" time elapsed: 00:00:01
----------------------------------------------------------

7/146 Testing: crater2D_vangtable_spline.tcl
7/146 Test: crater2D_vangtable_spline.tcl
Command: "/usr/local/bin/cmake" "-DPARFLOW_TEST=crater2D_vangtable_spline.tcl;1;1;1" "-P" "/Users/jackson/ParF/parflow/cmake/modules/RunParallelTest.cmake"
Directory: /Users/jackson/ParF/parflow/test
"crater2D_vangtable_spline.tcl" start time: Dec 18 13:18 MST
Output:
----------------------------------------------------------
[jackson-igwmc-desktop:46501] *** An error occurred in MPI_Comm_split
[jackson-igwmc-desktop:46501] *** reported by process [1946025985,0]
[jackson-igwmc-desktop:46501] *** on communicator MPI_COMM_WORLD
[jackson-igwmc-desktop:46501] *** MPI_ERR_ARG: invalid argument of some other kind
[jackson-igwmc-desktop:46501] *** MPI_ERRORS_ARE_FATAL (processes in this communicator will now abort,
[jackson-igwmc-desktop:46501] ***    and potentially your MPI job)
child process exited abnormally
    while executing
"exec sh /Users/jackson/ParF/parflow/bin/run crater2D_vangtable_spline 1"
    ("eval" body line 1)
    invoked from within
"eval exec sh $Parflow::PARFLOW_DIR/bin/run  $runname $NumProcs"
    invoked from within
"if [pfexists Process.Command] {
	set command [pfget Process.Command]
	puts [format "Using command : %s" [format $command $NumProcs $runname]]
	puts [e..."
    (procedure "pfrun" line 53)
    invoked from within
"pfrun $runname"
    (file "crater2D_vangtable_spline.tcl" line 489)

CMake Error at /Users/jackson/ParF/parflow/cmake/modules/RunParallelTest.cmake:14 (message):
  Error running tclsh;crater2D_vangtable_spline.tcl;1;1;1
Call Stack (most recent call first):
  /Users/jackson/ParF/parflow/cmake/modules/RunParallelTest.cmake:63 (pf_exec_check)


<end of output>
Test time =   1.24 sec
----------------------------------------------------------
Test Failed.
"crater2D_vangtable_spline.tcl" end time: Dec 18 13:18 MST
"crater2D_vangtable_spline.tcl" time elapsed: 00:00:01
----------------------------------------------------------

8/146 Testing: crater2D_vangtable_linear.tcl
8/146 Test: crater2D_vangtable_linear.tcl
Command: "/usr/local/bin/cmake" "-DPARFLOW_TEST=crater2D_vangtable_linear.tcl;1;1;1" "-P" "/Users/jackson/ParF/parflow/cmake/modules/RunParallelTest.cmake"
Directory: /Users/jackson/ParF/parflow/test
"crater2D_vangtable_linear.tcl" start time: Dec 18 13:18 MST
Output:
----------------------------------------------------------
[jackson-igwmc-desktop:46513] *** An error occurred in MPI_Comm_split
[jackson-igwmc-desktop:46513] *** reported by process [1944715265,0]
[jackson-igwmc-desktop:46513] *** on communicator MPI_COMM_WORLD
[jackson-igwmc-desktop:46513] *** MPI_ERR_ARG: invalid argument of some other kind
[jackson-igwmc-desktop:46513] *** MPI_ERRORS_ARE_FATAL (processes in this communicator will now abort,
[jackson-igwmc-desktop:46513] ***    and potentially your MPI job)
child process exited abnormally
    while executing
"exec sh /Users/jackson/ParF/parflow/bin/run crater2D_vangtable_linear 1"
    ("eval" body line 1)
    invoked from within
"eval exec sh $Parflow::PARFLOW_DIR/bin/run  $runname $NumProcs"
    invoked from within
"if [pfexists Process.Command] {
	set command [pfget Process.Command]
	puts [format "Using command : %s" [format $command $NumProcs $runname]]
	puts [e..."
    (procedure "pfrun" line 53)
    invoked from within
"pfrun $runname"
    (file "crater2D_vangtable_linear.tcl" line 506)

CMake Error at /Users/jackson/ParF/parflow/cmake/modules/RunParallelTest.cmake:14 (message):
  Error running tclsh;crater2D_vangtable_linear.tcl;1;1;1
Call Stack (most recent call first):
  /Users/jackson/ParF/parflow/cmake/modules/RunParallelTest.cmake:63 (pf_exec_check)


<end of output>
Test time =   1.24 sec
----------------------------------------------------------
Test Failed.
"crater2D_vangtable_linear.tcl" end time: Dec 18 13:18 MST
"crater2D_vangtable_linear.tcl" time elapsed: 00:00:01
----------------------------------------------------------

9/146 Testing: small_domain.tcl
9/146 Test: small_domain.tcl
Command: "/usr/local/bin/cmake" "-DPARFLOW_TEST=small_domain.tcl;1;1;1" "-P" "/Users/jackson/ParF/parflow/cmake/modules/RunParallelTest.cmake"
Directory: /Users/jackson/ParF/parflow/test
"small_domain.tcl" start time: Dec 18 13:18 MST
Output:
----------------------------------------------------------
[jackson-igwmc-desktop:46525] *** An error occurred in MPI_Comm_split
[jackson-igwmc-desktop:46525] *** reported by process [1944453121,0]
[jackson-igwmc-desktop:46525] *** on communicator MPI_COMM_WORLD
[jackson-igwmc-desktop:46525] *** MPI_ERR_ARG: invalid argument of some other kind
[jackson-igwmc-desktop:46525] *** MPI_ERRORS_ARE_FATAL (processes in this communicator will now abort,
[jackson-igwmc-desktop:46525] ***    and potentially your MPI job)
child process exited abnormally
    while executing
"exec sh /Users/jackson/ParF/parflow/bin/run small_domain 1"
    ("eval" body line 1)
    invoked from within
"eval exec sh $Parflow::PARFLOW_DIR/bin/run  $runname $NumProcs"
    invoked from within
"if [pfexists Process.Command] {
	set command [pfget Process.Command]
	puts [format "Using command : %s" [format $command $NumProcs $runname]]
	puts [e..."
    (procedure "pfrun" line 53)
    invoked from within
"pfrun $name"
    (file "small_domain.tcl" line 313)

CMake Error at /Users/jackson/ParF/parflow/cmake/modules/RunParallelTest.cmake:14 (message):
  Error running tclsh;small_domain.tcl;1;1;1
Call Stack (most recent call first):
  /Users/jackson/ParF/parflow/cmake/modules/RunParallelTest.cmake:63 (pf_exec_check)


<end of output>
Test time =   1.24 sec
----------------------------------------------------------
Test Failed.
"small_domain.tcl" end time: Dec 18 13:18 MST
"small_domain.tcl" time elapsed: 00:00:01
----------------------------------------------------------

10/146 Testing: richards_hydrostatic_equalibrium.tcl
10/146 Test: richards_hydrostatic_equalibrium.tcl
Command: "/usr/local/bin/cmake" "-DPARFLOW_TEST=richards_hydrostatic_equalibrium.tcl;1;1;1" "-P" "/Users/jackson/ParF/parflow/cmake/modules/RunParallelTest.cmake"
Directory: /Users/jackson/ParF/parflow/test
"richards_hydrostatic_equalibrium.tcl" start time: Dec 18 13:18 MST
Output:
----------------------------------------------------------
[jackson-igwmc-desktop:46537] *** An error occurred in MPI_Comm_split
[jackson-igwmc-desktop:46537] *** reported by process [1938948097,0]
[jackson-igwmc-desktop:46537] *** on communicator MPI_COMM_WORLD
[jackson-igwmc-desktop:46537] *** MPI_ERR_ARG: invalid argument of some other kind
[jackson-igwmc-desktop:46537] *** MPI_ERRORS_ARE_FATAL (processes in this communicator will now abort,
[jackson-igwmc-desktop:46537] ***    and potentially your MPI job)
child process exited abnormally
    while executing
"exec sh /Users/jackson/ParF/parflow/bin/run richards_hydrostatic_equalibrium 1"
    ("eval" body line 1)
    invoked from within
"eval exec sh $Parflow::PARFLOW_DIR/bin/run  $runname $NumProcs"
    invoked from within
"if [pfexists Process.Command] {
	set command [pfget Process.Command]
	puts [format "Using command : %s" [format $command $NumProcs $runname]]
	puts [e..."
    (procedure "pfrun" line 53)
    invoked from within
"pfrun $runname"
    (file "richards_hydrostatic_equalibrium.tcl" line 308)

CMake Error at /Users/jackson/ParF/parflow/cmake/modules/RunParallelTest.cmake:14 (message):
  Error running tclsh;richards_hydrostatic_equalibrium.tcl;1;1;1
Call Stack (most recent call first):
  /Users/jackson/ParF/parflow/cmake/modules/RunParallelTest.cmake:63 (pf_exec_check)


<end of output>
Test time =   1.24 sec
----------------------------------------------------------
Test Failed.
"richards_hydrostatic_equalibrium.tcl" end time: Dec 18 13:18 MST
"richards_hydrostatic_equalibrium.tcl" time elapsed: 00:00:01
----------------------------------------------------------

11/146 Testing: default_richards.tcl
11/146 Test: default_richards.tcl
Command: "/usr/local/bin/cmake" "-DPARFLOW_TEST=default_richards.tcl;1;1;1" "-P" "/Users/jackson/ParF/parflow/cmake/modules/RunParallelTest.cmake"
Directory: /Users/jackson/ParF/parflow/examples
"default_richards.tcl" start time: Dec 18 13:18 MST
Output:
----------------------------------------------------------
[jackson-igwmc-desktop:46554] *** An error occurred in MPI_Comm_split
[jackson-igwmc-desktop:46554] *** reported by process [1937965057,0]
[jackson-igwmc-desktop:46554] *** on communicator MPI_COMM_WORLD
[jackson-igwmc-desktop:46554] *** MPI_ERR_ARG: invalid argument of some other kind
[jackson-igwmc-desktop:46554] *** MPI_ERRORS_ARE_FATAL (processes in this communicator will now abort,
[jackson-igwmc-desktop:46554] ***    and potentially your MPI job)
child process exited abnormally
    while executing
"exec sh /Users/jackson/ParF/parflow/bin/run default_richards 1"
    ("eval" body line 1)
    invoked from within
"eval exec sh $Parflow::PARFLOW_DIR/bin/run  $runname $NumProcs"
    invoked from within
"if [pfexists Process.Command] {
	set command [pfget Process.Command]
	puts [format "Using command : %s" [format $command $NumProcs $runname]]
	puts [e..."
    (procedure "pfrun" line 53)
    invoked from within
"pfrun default_richards"
    (file "default_richards.tcl" line 404)

CMake Error at /Users/jackson/ParF/parflow/cmake/modules/RunParallelTest.cmake:14 (message):
  Error running tclsh;default_richards.tcl;1;1;1
Call Stack (most recent call first):
  /Users/jackson/ParF/parflow/cmake/modules/RunParallelTest.cmake:63 (pf_exec_check)


<end of output>
Test time =   1.23 sec
----------------------------------------------------------
Test Failed.
"default_richards.tcl" end time: Dec 18 13:18 MST
"default_richards.tcl" time elapsed: 00:00:01
----------------------------------------------------------

12/146 Testing: default_richards_nocluster.tcl
12/146 Test: default_richards_nocluster.tcl
Command: "/usr/local/bin/cmake" "-DPARFLOW_TEST=default_richards_nocluster.tcl;1;1;1" "-P" "/Users/jackson/ParF/parflow/cmake/modules/RunParallelTest.cmake"
Directory: /Users/jackson/ParF/parflow/test
"default_richards_nocluster.tcl" start time: Dec 18 13:18 MST
Output:
----------------------------------------------------------
[jackson-igwmc-desktop:46566] *** An error occurred in MPI_Comm_split
[jackson-igwmc-desktop:46566] *** reported by process [1941897217,0]
[jackson-igwmc-desktop:46566] *** on communicator MPI_COMM_WORLD
[jackson-igwmc-desktop:46566] *** MPI_ERR_ARG: invalid argument of some other kind
[jackson-igwmc-desktop:46566] *** MPI_ERRORS_ARE_FATAL (processes in this communicator will now abort,
[jackson-igwmc-desktop:46566] ***    and potentially your MPI job)
child process exited abnormally
    while executing
"exec sh /Users/jackson/ParF/parflow/bin/run default_richards 1"
    ("eval" body line 1)
    invoked from within
"eval exec sh $Parflow::PARFLOW_DIR/bin/run  $runname $NumProcs"
    invoked from within
"if [pfexists Process.Command] {
	set command [pfget Process.Command]
	puts [format "Using command : %s" [format $command $NumProcs $runname]]
	puts [e..."
    (procedure "pfrun" line 53)
    invoked from within
"pfrun default_richards"
    (file "default_richards_nocluster.tcl" line 332)

CMake Error at /Users/jackson/ParF/parflow/cmake/modules/RunParallelTest.cmake:14 (message):
  Error running tclsh;default_richards_nocluster.tcl;1;1;1
Call Stack (most recent call first):
  /Users/jackson/ParF/parflow/cmake/modules/RunParallelTest.cmake:63 (pf_exec_check)


<end of output>
Test time =   1.25 sec
----------------------------------------------------------
Test Failed.
"default_richards_nocluster.tcl" end time: Dec 18 13:18 MST
"default_richards_nocluster.tcl" time elapsed: 00:00:01
----------------------------------------------------------

13/146 Testing: default_overland.tcl
13/146 Test: default_overland.tcl
Command: "/usr/local/bin/cmake" "-DPARFLOW_TEST=default_overland.tcl;1;1;1" "-P" "/Users/jackson/ParF/parflow/cmake/modules/RunParallelTest.cmake"
Directory: /Users/jackson/ParF/parflow/test
"default_overland.tcl" start time: Dec 18 13:18 MST
Output:
----------------------------------------------------------
[jackson-igwmc-desktop:46580] *** An error occurred in MPI_Comm_split
[jackson-igwmc-desktop:46580] *** reported by process [1940455425,0]
[jackson-igwmc-desktop:46580] *** on communicator MPI_COMM_WORLD
[jackson-igwmc-desktop:46580] *** MPI_ERR_ARG: invalid argument of some other kind
[jackson-igwmc-desktop:46580] *** MPI_ERRORS_ARE_FATAL (processes in this communicator will now abort,
[jackson-igwmc-desktop:46580] ***    and potentially your MPI job)
child process exited abnormally
    while executing
"exec sh /Users/jackson/ParF/parflow/bin/run default_overland 1"
    ("eval" body line 1)
    invoked from within
"eval exec sh $Parflow::PARFLOW_DIR/bin/run  $runname $NumProcs"
    invoked from within
"if [pfexists Process.Command] {
	set command [pfget Process.Command]
	puts [format "Using command : %s" [format $command $NumProcs $runname]]
	puts [e..."
    (procedure "pfrun" line 53)
    invoked from within
"pfrun $runname"
    (file "default_overland.tcl" line 401)

CMake Error at /Users/jackson/ParF/parflow/cmake/modules/RunParallelTest.cmake:14 (message):
  Error running tclsh;default_overland.tcl;1;1;1
Call Stack (most recent call first):
  /Users/jackson/ParF/parflow/cmake/modules/RunParallelTest.cmake:63 (pf_exec_check)


<end of output>
Test time =   1.23 sec
----------------------------------------------------------
Test Failed.
"default_overland.tcl" end time: Dec 18 13:18 MST
"default_overland.tcl" time elapsed: 00:00:01
----------------------------------------------------------

14/146 Testing: octree-simple.tcl
14/146 Test: octree-simple.tcl
Command: "/usr/local/bin/cmake" "-DPARFLOW_TEST=octree-simple.tcl;1;1;1" "-P" "/Users/jackson/ParF/parflow/cmake/modules/RunParallelTest.cmake"
Directory: /Users/jackson/ParF/parflow/test
"octree-simple.tcl" start time: Dec 18 13:18 MST
Output:
----------------------------------------------------------
[jackson-igwmc-desktop:46592] *** An error occurred in MPI_Comm_split
[jackson-igwmc-desktop:46592] *** reported by process [1940193281,0]
[jackson-igwmc-desktop:46592] *** on communicator MPI_COMM_WORLD
[jackson-igwmc-desktop:46592] *** MPI_ERR_ARG: invalid argument of some other kind
[jackson-igwmc-desktop:46592] *** MPI_ERRORS_ARE_FATAL (processes in this communicator will now abort,
[jackson-igwmc-desktop:46592] ***    and potentially your MPI job)
child process exited abnormally
    while executing
"exec sh /Users/jackson/ParF/parflow/bin/run octree-simple 1"
    ("eval" body line 1)
    invoked from within
"eval exec sh $Parflow::PARFLOW_DIR/bin/run  $runname $NumProcs"
    invoked from within
"if [pfexists Process.Command] {
	set command [pfget Process.Command]
	puts [format "Using command : %s" [format $command $NumProcs $runname]]
	puts [e..."
    (procedure "pfrun" line 53)
    invoked from within
"pfrun $runname"
    (file "octree-simple.tcl" line 336)

CMake Error at /Users/jackson/ParF/parflow/cmake/modules/RunParallelTest.cmake:14 (message):
  Error running tclsh;octree-simple.tcl;1;1;1
Call Stack (most recent call first):
  /Users/jackson/ParF/parflow/cmake/modules/RunParallelTest.cmake:63 (pf_exec_check)


<end of output>
Test time =   1.24 sec
----------------------------------------------------------
Test Failed.
"octree-simple.tcl" end time: Dec 18 13:18 MST
"octree-simple.tcl" time elapsed: 00:00:01
----------------------------------------------------------

15/146 Testing: octree-large-domain.tcl
15/146 Test: octree-large-domain.tcl
Command: "/usr/local/bin/cmake" "-DPARFLOW_TEST=octree-large-domain.tcl;1;1;1" "-P" "/Users/jackson/ParF/parflow/cmake/modules/RunParallelTest.cmake"
Directory: /Users/jackson/ParF/parflow/test
"octree-large-domain.tcl" start time: Dec 18 13:18 MST
Output:
----------------------------------------------------------
[jackson-igwmc-desktop:46604] *** An error occurred in MPI_Comm_split
[jackson-igwmc-desktop:46604] *** reported by process [1884356609,0]
[jackson-igwmc-desktop:46604] *** on communicator MPI_COMM_WORLD
[jackson-igwmc-desktop:46604] *** MPI_ERR_ARG: invalid argument of some other kind
[jackson-igwmc-desktop:46604] *** MPI_ERRORS_ARE_FATAL (processes in this communicator will now abort,
[jackson-igwmc-desktop:46604] ***    and potentially your MPI job)
child process exited abnormally
    while executing
"exec sh /Users/jackson/ParF/parflow/bin/run octree-large-domain 1"
    ("eval" body line 1)
    invoked from within
"eval exec sh $Parflow::PARFLOW_DIR/bin/run  $runname $NumProcs"
    invoked from within
"if [pfexists Process.Command] {
	set command [pfget Process.Command]
	puts [format "Using command : %s" [format $command $NumProcs $runname]]
	puts [e..."
    (procedure "pfrun" line 53)
    invoked from within
"pfrun $runname"
    (file "octree-large-domain.tcl" line 336)

CMake Error at /Users/jackson/ParF/parflow/cmake/modules/RunParallelTest.cmake:14 (message):
  Error running tclsh;octree-large-domain.tcl;1;1;1
Call Stack (most recent call first):
  /Users/jackson/ParF/parflow/cmake/modules/RunParallelTest.cmake:63 (pf_exec_check)


<end of output>
Test time =   1.23 sec
----------------------------------------------------------
Test Failed.
"octree-large-domain.tcl" end time: Dec 18 13:19 MST
"octree-large-domain.tcl" time elapsed: 00:00:01
----------------------------------------------------------

16/146 Testing: LW_var_dz.tcl
16/146 Test: LW_var_dz.tcl
Command: "/usr/local/bin/cmake" "-DPARFLOW_TEST=LW_var_dz.tcl;1;1;1" "-P" "/Users/jackson/ParF/parflow/cmake/modules/RunParallelTest.cmake"
Directory: /Users/jackson/ParF/parflow/test
"LW_var_dz.tcl" start time: Dec 18 13:19 MST
Output:
----------------------------------------------------------
[jackson-igwmc-desktop:46618] *** An error occurred in MPI_Comm_split
[jackson-igwmc-desktop:46618] *** reported by process [1883439105,0]
[jackson-igwmc-desktop:46618] *** on communicator MPI_COMM_WORLD
[jackson-igwmc-desktop:46618] *** MPI_ERR_ARG: invalid argument of some other kind
[jackson-igwmc-desktop:46618] *** MPI_ERRORS_ARE_FATAL (processes in this communicator will now abort,
[jackson-igwmc-desktop:46618] ***    and potentially your MPI job)
child process exited abnormally
    while executing
"exec sh /Users/jackson/ParF/parflow/bin/run LW_var_dz 1"
    ("eval" body line 1)
    invoked from within
"eval exec sh $Parflow::PARFLOW_DIR/bin/run  $runname $NumProcs"
    invoked from within
"if [pfexists Process.Command] {
	set command [pfget Process.Command]
	puts [format "Using command : %s" [format $command $NumProcs $runname]]
	puts [e..."
    (procedure "pfrun" line 53)
    invoked from within
"pfrun $runname"
    (file "LW_var_dz.tcl" line 388)
Using process grid (1,1,1)
Using process grid (1,1,1)

CMake Error at /Users/jackson/ParF/parflow/cmake/modules/RunParallelTest.cmake:14 (message):
  Error running tclsh;LW_var_dz.tcl;1;1;1
Call Stack (most recent call first):
  /Users/jackson/ParF/parflow/cmake/modules/RunParallelTest.cmake:63 (pf_exec_check)


<end of output>
Test time =   1.27 sec
----------------------------------------------------------
Test Failed.
"LW_var_dz.tcl" end time: Dec 18 13:19 MST
"LW_var_dz.tcl" time elapsed: 00:00:01
----------------------------------------------------------

17/146 Testing: LW_var_dz_spinup.tcl
17/146 Test: LW_var_dz_spinup.tcl
Command: "/usr/local/bin/cmake" "-DPARFLOW_TEST=LW_var_dz_spinup.tcl;1;1;1" "-P" "/Users/jackson/ParF/parflow/cmake/modules/RunParallelTest.cmake"
Directory: /Users/jackson/ParF/parflow/test
"LW_var_dz_spinup.tcl" start time: Dec 18 13:19 MST
Output:
----------------------------------------------------------
[jackson-igwmc-desktop:46635] *** An error occurred in MPI_Comm_split
[jackson-igwmc-desktop:46635] *** reported by process [1886388225,0]
[jackson-igwmc-desktop:46635] *** on communicator MPI_COMM_WORLD
[jackson-igwmc-desktop:46635] *** MPI_ERR_ARG: invalid argument of some other kind
[jackson-igwmc-desktop:46635] *** MPI_ERRORS_ARE_FATAL (processes in this communicator will now abort,
[jackson-igwmc-desktop:46635] ***    and potentially your MPI job)
child process exited abnormally
    while executing
"exec sh /Users/jackson/ParF/parflow/bin/run LW_var_dz_spinup 1"
    ("eval" body line 1)
    invoked from within
"eval exec sh $Parflow::PARFLOW_DIR/bin/run  $runname $NumProcs"
    invoked from within
"if [pfexists Process.Command] {
	set command [pfget Process.Command]
	puts [format "Using command : %s" [format $command $NumProcs $runname]]
	puts [e..."
    (procedure "pfrun" line 53)
    invoked from within
"pfrun $runname"
    (file "LW_var_dz_spinup.tcl" line 383)
Using process grid (1,1,1)
Using process grid (1,1,1)

CMake Error at /Users/jackson/ParF/parflow/cmake/modules/RunParallelTest.cmake:14 (message):
  Error running tclsh;LW_var_dz_spinup.tcl;1;1;1
Call Stack (most recent call first):
  /Users/jackson/ParF/parflow/cmake/modules/RunParallelTest.cmake:63 (pf_exec_check)


<end of output>
Test time =   1.24 sec
----------------------------------------------------------
Test Failed.
"LW_var_dz_spinup.tcl" end time: Dec 18 13:19 MST
"LW_var_dz_spinup.tcl" time elapsed: 00:00:01
----------------------------------------------------------

18/146 Testing: terrain_following_grid_overland.tcl
18/146 Test: terrain_following_grid_overland.tcl
Command: "/usr/local/bin/cmake" "-DPARFLOW_TEST=terrain_following_grid_overland.tcl;1;1;1" "-P" "/Users/jackson/ParF/parflow/cmake/modules/RunParallelTest.cmake"
Directory: /Users/jackson/ParF/parflow/test
"terrain_following_grid_overland.tcl" start time: Dec 18 13:19 MST
Output:
----------------------------------------------------------
[jackson-igwmc-desktop:46647] *** An error occurred in MPI_Comm_split
[jackson-igwmc-desktop:46647] *** reported by process [1886126081,0]
[jackson-igwmc-desktop:46647] *** on communicator MPI_COMM_WORLD
[jackson-igwmc-desktop:46647] *** MPI_ERR_ARG: invalid argument of some other kind
[jackson-igwmc-desktop:46647] *** MPI_ERRORS_ARE_FATAL (processes in this communicator will now abort,
[jackson-igwmc-desktop:46647] ***    and potentially your MPI job)
child process exited abnormally
    while executing
"exec sh /Users/jackson/ParF/parflow/bin/run stormflow.terrain.dz5.5pc 1"
    ("eval" body line 1)
    invoked from within
"eval exec sh $Parflow::PARFLOW_DIR/bin/run  $runname $NumProcs"
    invoked from within
"if [pfexists Process.Command] {
	set command [pfget Process.Command]
	puts [format "Using command : %s" [format $command $NumProcs $runname]]
	puts [e..."
    (procedure "pfrun" line 53)
    invoked from within
"pfrun stormflow.terrain.dz5.5pc"
    (file "terrain_following_grid_overland.tcl" line 320)

CMake Error at /Users/jackson/ParF/parflow/cmake/modules/RunParallelTest.cmake:14 (message):
  Error running tclsh;terrain_following_grid_overland.tcl;1;1;1
Call Stack (most recent call first):
  /Users/jackson/ParF/parflow/cmake/modules/RunParallelTest.cmake:63 (pf_exec_check)


<end of output>
Test time =   1.23 sec
----------------------------------------------------------
Test Failed.
"terrain_following_grid_overland.tcl" end time: Dec 18 13:19 MST
"terrain_following_grid_overland.tcl" time elapsed: 00:00:01
----------------------------------------------------------

19/146 Testing: var_dz_1D.tcl
19/146 Test: var_dz_1D.tcl
Command: "/usr/local/bin/cmake" "-DPARFLOW_TEST=var_dz_1D.tcl;1;1;1" "-P" "/Users/jackson/ParF/parflow/cmake/modules/RunParallelTest.cmake"
Directory: /Users/jackson/ParF/parflow/test
"var_dz_1D.tcl" start time: Dec 18 13:19 MST
Output:
----------------------------------------------------------
[jackson-igwmc-desktop:46660] *** An error occurred in MPI_Comm_split
[jackson-igwmc-desktop:46660] *** reported by process [1880686593,0]
[jackson-igwmc-desktop:46660] *** on communicator MPI_COMM_WORLD
[jackson-igwmc-desktop:46660] *** MPI_ERR_ARG: invalid argument of some other kind
[jackson-igwmc-desktop:46660] *** MPI_ERRORS_ARE_FATAL (processes in this communicator will now abort,
[jackson-igwmc-desktop:46660] ***    and potentially your MPI job)
child process exited abnormally
    while executing
"exec sh /Users/jackson/ParF/parflow/bin/run var.dz.1d 1"
    ("eval" body line 1)
    invoked from within
"eval exec sh $Parflow::PARFLOW_DIR/bin/run  $runname $NumProcs"
    invoked from within
"if [pfexists Process.Command] {
	set command [pfget Process.Command]
	puts [format "Using command : %s" [format $command $NumProcs $runname]]
	puts [e..."
    (procedure "pfrun" line 53)
    invoked from within
"pfrun $runname"
    (file "var_dz_1D.tcl" line 337)

CMake Error at /Users/jackson/ParF/parflow/cmake/modules/RunParallelTest.cmake:14 (message):
  Error running tclsh;var_dz_1D.tcl;1;1;1
Call Stack (most recent call first):
  /Users/jackson/ParF/parflow/cmake/modules/RunParallelTest.cmake:63 (pf_exec_check)


<end of output>
Test time =   1.31 sec
----------------------------------------------------------
Test Failed.
"var_dz_1D.tcl" end time: Dec 18 13:19 MST
"var_dz_1D.tcl" time elapsed: 00:00:01
----------------------------------------------------------

20/146 Testing: pfmg.tcl
20/146 Test: pfmg.tcl
Command: "/usr/local/bin/cmake" "-DPARFLOW_TEST=pfmg.tcl;1;1;1" "-P" "/Users/jackson/ParF/parflow/cmake/modules/RunParallelTest.cmake"
Directory: /Users/jackson/ParF/parflow/test
"pfmg.tcl" start time: Dec 18 13:19 MST
Output:
----------------------------------------------------------
[jackson-igwmc-desktop:46674] *** An error occurred in MPI_Comm_split
[jackson-igwmc-desktop:46674] *** reported by process [1880424449,0]
[jackson-igwmc-desktop:46674] *** on communicator MPI_COMM_WORLD
[jackson-igwmc-desktop:46674] *** MPI_ERR_ARG: invalid argument of some other kind
[jackson-igwmc-desktop:46674] *** MPI_ERRORS_ARE_FATAL (processes in this communicator will now abort,
[jackson-igwmc-desktop:46674] ***    and potentially your MPI job)
child process exited abnormally
    while executing
"exec sh /Users/jackson/ParF/parflow/bin/run pfmg 1"
    ("eval" body line 1)
    invoked from within
"eval exec sh $Parflow::PARFLOW_DIR/bin/run  $runname $NumProcs"
    invoked from within
"if [pfexists Process.Command] {
	set command [pfget Process.Command]
	puts [format "Using command : %s" [format $command $NumProcs $runname]]
	puts [e..."
    (procedure "pfrun" line 53)
    invoked from within
"pfrun pfmg"
    (file "pfmg.tcl" line 334)

CMake Error at /Users/jackson/ParF/parflow/cmake/modules/RunParallelTest.cmake:14 (message):
  Error running tclsh;pfmg.tcl;1;1;1
Call Stack (most recent call first):
  /Users/jackson/ParF/parflow/cmake/modules/RunParallelTest.cmake:63 (pf_exec_check)


<end of output>
Test time =   1.24 sec
----------------------------------------------------------
Test Failed.
"pfmg.tcl" end time: Dec 18 13:19 MST
"pfmg.tcl" time elapsed: 00:00:01
----------------------------------------------------------

21/146 Testing: pfmg_galerkin.tcl
21/146 Test: pfmg_galerkin.tcl
Command: "/usr/local/bin/cmake" "-DPARFLOW_TEST=pfmg_galerkin.tcl;1;1;1" "-P" "/Users/jackson/ParF/parflow/cmake/modules/RunParallelTest.cmake"
Directory: /Users/jackson/ParF/parflow/test
"pfmg_galerkin.tcl" start time: Dec 18 13:19 MST
Output:
----------------------------------------------------------
[jackson-igwmc-desktop:46686] *** An error occurred in MPI_Comm_split
[jackson-igwmc-desktop:46686] *** reported by process [1879506945,0]
[jackson-igwmc-desktop:46686] *** on communicator MPI_COMM_WORLD
[jackson-igwmc-desktop:46686] *** MPI_ERR_ARG: invalid argument of some other kind
[jackson-igwmc-desktop:46686] *** MPI_ERRORS_ARE_FATAL (processes in this communicator will now abort,
[jackson-igwmc-desktop:46686] ***    and potentially your MPI job)
child process exited abnormally
    while executing
"exec sh /Users/jackson/ParF/parflow/bin/run pfmg_galerkin 1"
    ("eval" body line 1)
    invoked from within
"eval exec sh $Parflow::PARFLOW_DIR/bin/run  $runname $NumProcs"
    invoked from within
"if [pfexists Process.Command] {
	set command [pfget Process.Command]
	puts [format "Using command : %s" [format $command $NumProcs $runname]]
	puts [e..."
    (procedure "pfrun" line 53)
    invoked from within
"pfrun pfmg_galerkin"
    (file "pfmg_galerkin.tcl" line 330)

CMake Error at /Users/jackson/ParF/parflow/cmake/modules/RunParallelTest.cmake:14 (message):
  Error running tclsh;pfmg_galerkin.tcl;1;1;1
Call Stack (most recent call first):
  /Users/jackson/ParF/parflow/cmake/modules/RunParallelTest.cmake:63 (pf_exec_check)


<end of output>
Test time =   1.56 sec
----------------------------------------------------------
Test Failed.
"pfmg_galerkin.tcl" end time: Dec 18 13:19 MST
"pfmg_galerkin.tcl" time elapsed: 00:00:01
----------------------------------------------------------

22/146 Testing: smg.tcl
22/146 Test: smg.tcl
Command: "/usr/local/bin/cmake" "-DPARFLOW_TEST=smg.tcl;1;1;1" "-P" "/Users/jackson/ParF/parflow/cmake/modules/RunParallelTest.cmake"
Directory: /Users/jackson/ParF/parflow/test
"smg.tcl" start time: Dec 18 13:19 MST
Output:
----------------------------------------------------------
[jackson-igwmc-desktop:46698] *** An error occurred in MPI_Comm_split
[jackson-igwmc-desktop:46698] *** reported by process [1882390529,0]
[jackson-igwmc-desktop:46698] *** on communicator MPI_COMM_WORLD
[jackson-igwmc-desktop:46698] *** MPI_ERR_ARG: invalid argument of some other kind
[jackson-igwmc-desktop:46698] *** MPI_ERRORS_ARE_FATAL (processes in this communicator will now abort,
[jackson-igwmc-desktop:46698] ***    and potentially your MPI job)
child process exited abnormally
    while executing
"exec sh /Users/jackson/ParF/parflow/bin/run smg 1"
    ("eval" body line 1)
    invoked from within
"eval exec sh $Parflow::PARFLOW_DIR/bin/run  $runname $NumProcs"
    invoked from within
"if [pfexists Process.Command] {
	set command [pfget Process.Command]
	puts [format "Using command : %s" [format $command $NumProcs $runname]]
	puts [e..."
    (procedure "pfrun" line 53)
    invoked from within
"pfrun smg"
    (file "smg.tcl" line 328)

CMake Error at /Users/jackson/ParF/parflow/cmake/modules/RunParallelTest.cmake:14 (message):
  Error running tclsh;smg.tcl;1;1;1
Call Stack (most recent call first):
  /Users/jackson/ParF/parflow/cmake/modules/RunParallelTest.cmake:63 (pf_exec_check)


<end of output>
Test time =   1.24 sec
----------------------------------------------------------
Test Failed.
"smg.tcl" end time: Dec 18 13:19 MST
"smg.tcl" time elapsed: 00:00:01
----------------------------------------------------------

23/146 Testing: pfmg_octree.tcl
23/146 Test: pfmg_octree.tcl
Command: "/usr/local/bin/cmake" "-DPARFLOW_TEST=pfmg_octree.tcl;1;1;1" "-P" "/Users/jackson/ParF/parflow/cmake/modules/RunParallelTest.cmake"
Directory: /Users/jackson/ParF/parflow/test
"pfmg_octree.tcl" start time: Dec 18 13:19 MST
Output:
----------------------------------------------------------
[jackson-igwmc-desktop:46710] *** An error occurred in MPI_Comm_split
[jackson-igwmc-desktop:46710] *** reported by process [1882128385,0]
[jackson-igwmc-desktop:46710] *** on communicator MPI_COMM_WORLD
[jackson-igwmc-desktop:46710] *** MPI_ERR_ARG: invalid argument of some other kind
[jackson-igwmc-desktop:46710] *** MPI_ERRORS_ARE_FATAL (processes in this communicator will now abort,
[jackson-igwmc-desktop:46710] ***    and potentially your MPI job)
child process exited abnormally
    while executing
"exec sh /Users/jackson/ParF/parflow/bin/run pfmg 1"
    ("eval" body line 1)
    invoked from within
"eval exec sh $Parflow::PARFLOW_DIR/bin/run  $runname $NumProcs"
    invoked from within
"if [pfexists Process.Command] {
	set command [pfget Process.Command]
	puts [format "Using command : %s" [format $command $NumProcs $runname]]
	puts [e..."
    (procedure "pfrun" line 53)
    invoked from within
"pfrun pfmg"
    (file "pfmg_octree.tcl" line 336)

CMake Error at /Users/jackson/ParF/parflow/cmake/modules/RunParallelTest.cmake:14 (message):
  Error running tclsh;pfmg_octree.tcl;1;1;1
Call Stack (most recent call first):
  /Users/jackson/ParF/parflow/cmake/modules/RunParallelTest.cmake:63 (pf_exec_check)


<end of output>
Test time =   1.24 sec
----------------------------------------------------------
Test Failed.
"pfmg_octree.tcl" end time: Dec 18 13:19 MST
"pfmg_octree.tcl" time elapsed: 00:00:01
----------------------------------------------------------

24/146 Testing: van-genuchten-file.tcl
24/146 Test: van-genuchten-file.tcl
Command: "/usr/local/bin/cmake" "-DPARFLOW_TEST=van-genuchten-file.tcl;1;1;1" "-P" "/Users/jackson/ParF/parflow/cmake/modules/RunParallelTest.cmake"
Directory: /Users/jackson/ParF/parflow/test
"van-genuchten-file.tcl" start time: Dec 18 13:19 MST
Output:
----------------------------------------------------------
[jackson-igwmc-desktop:46726] *** An error occurred in MPI_Comm_split
[jackson-igwmc-desktop:46726] *** reported by process [1893662721,0]
[jackson-igwmc-desktop:46726] *** on communicator MPI_COMM_WORLD
[jackson-igwmc-desktop:46726] *** MPI_ERR_ARG: invalid argument of some other kind
[jackson-igwmc-desktop:46726] *** MPI_ERRORS_ARE_FATAL (processes in this communicator will now abort,
[jackson-igwmc-desktop:46726] ***    and potentially your MPI job)
child process exited abnormally
    while executing
"exec sh /Users/jackson/ParF/parflow/bin/run default_richards 1"
    ("eval" body line 1)
    invoked from within
"eval exec sh $Parflow::PARFLOW_DIR/bin/run  $runname $NumProcs"
    invoked from within
"if [pfexists Process.Command] {
	set command [pfget Process.Command]
	puts [format "Using command : %s" [format $command $NumProcs $runname]]
	puts [e..."
    (procedure "pfrun" line 53)
    invoked from within
"pfrun default_richards"
    (file "van-genuchten-file.tcl" line 349)
Using process grid (1,1,1)
Using process grid (1,1,1)
Using process grid (1,1,1)
Using process grid (1,1,1)

CMake Error at /Users/jackson/ParF/parflow/cmake/modules/RunParallelTest.cmake:14 (message):
  Error running tclsh;van-genuchten-file.tcl;1;1;1
Call Stack (most recent call first):
  /Users/jackson/ParF/parflow/cmake/modules/RunParallelTest.cmake:63 (pf_exec_check)


<end of output>
Test time =   1.40 sec
----------------------------------------------------------
Test Failed.
"van-genuchten-file.tcl" end time: Dec 18 13:19 MST
"van-genuchten-file.tcl" time elapsed: 00:00:01
----------------------------------------------------------

25/146 Testing: overland_slopingslab_KWE.tcl
25/146 Test: overland_slopingslab_KWE.tcl
Command: "/usr/local/bin/cmake" "-DPARFLOW_TEST=overland_slopingslab_KWE.tcl;1;1;1" "-P" "/Users/jackson/ParF/parflow/cmake/modules/RunParallelTest.cmake"
Directory: /Users/jackson/ParF/parflow/test
"overland_slopingslab_KWE.tcl" start time: Dec 18 13:19 MST
Output:
----------------------------------------------------------
0.01 0.01 posxposy
##########
Slab.posxposy.OverlandModule
[jackson-igwmc-desktop:46740] *** An error occurred in MPI_Comm_split
[jackson-igwmc-desktop:46740] *** reported by process [1892220929,0]
[jackson-igwmc-desktop:46740] *** on communicator MPI_COMM_WORLD
[jackson-igwmc-desktop:46740] *** MPI_ERR_ARG: invalid argument of some other kind
[jackson-igwmc-desktop:46740] *** MPI_ERRORS_ARE_FATAL (processes in this communicator will now abort,
[jackson-igwmc-desktop:46740] ***    and potentially your MPI job)
child process exited abnormally
    while executing
"exec sh /Users/jackson/ParF/parflow/bin/run Slab.posxposy.OverlandModule 1"
    ("eval" body line 1)
    invoked from within
"eval exec sh $Parflow::PARFLOW_DIR/bin/run  $runname $NumProcs"
    invoked from within
"if [pfexists Process.Command] {
	set command [pfget Process.Command]
	puts [format "Using command : %s" [format $command $NumProcs $runname]]
	puts [e..."
    (procedure "pfrun" line 53)
    invoked from within
"pfrun $runname"
    ("foreach" body line 28)
    invoked from within
"foreach xslope [list 0.01 -0.01] yslope [list 0.01 -0.01] name [list posxposy negxnegy] {
  puts "$xslope $yslope $name"
#set name negy

  #### Set th..."
    (file "overland_slopingslab_KWE.tcl" line 294)

CMake Error at /Users/jackson/ParF/parflow/cmake/modules/RunParallelTest.cmake:14 (message):
  Error running tclsh;overland_slopingslab_KWE.tcl;1;1;1
Call Stack (most recent call first):
  /Users/jackson/ParF/parflow/cmake/modules/RunParallelTest.cmake:63 (pf_exec_check)


<end of output>
Test time =   1.26 sec
----------------------------------------------------------
Test Failed.
"overland_slopingslab_KWE.tcl" end time: Dec 18 13:19 MST
"overland_slopingslab_KWE.tcl" time elapsed: 00:00:01
----------------------------------------------------------

26/146 Testing: overland_tiltedV_KWE.tcl
26/146 Test: overland_tiltedV_KWE.tcl
Command: "/usr/local/bin/cmake" "-DPARFLOW_TEST=overland_tiltedV_KWE.tcl;1;1;1" "-P" "/Users/jackson/ParF/parflow/cmake/modules/RunParallelTest.cmake"
Directory: /Users/jackson/ParF/parflow/test
"overland_tiltedV_KWE.tcl" start time: Dec 18 13:19 MST
Output:
----------------------------------------------------------
##########
TiltedV_Overland
[jackson-igwmc-desktop:46752] *** An error occurred in MPI_Comm_split
[jackson-igwmc-desktop:46752] *** reported by process [1891958785,0]
[jackson-igwmc-desktop:46752] *** on communicator MPI_COMM_WORLD
[jackson-igwmc-desktop:46752] *** MPI_ERR_ARG: invalid argument of some other kind
[jackson-igwmc-desktop:46752] *** MPI_ERRORS_ARE_FATAL (processes in this communicator will now abort,
[jackson-igwmc-desktop:46752] ***    and potentially your MPI job)
child process exited abnormally
    while executing
"exec sh /Users/jackson/ParF/parflow/bin/run TiltedV_Overland 1"
    ("eval" body line 1)
    invoked from within
"eval exec sh $Parflow::PARFLOW_DIR/bin/run  $runname $NumProcs"
    invoked from within
"if [pfexists Process.Command] {
	set command [pfget Process.Command]
	puts [format "Using command : %s" [format $command $NumProcs $runname]]
	puts [e..."
    (procedure "pfrun" line 53)
    invoked from within
"pfrun $runname"
    (file "overland_tiltedV_KWE.tcl" line 341)

CMake Error at /Users/jackson/ParF/parflow/cmake/modules/RunParallelTest.cmake:14 (message):
  Error running tclsh;overland_tiltedV_KWE.tcl;1;1;1
Call Stack (most recent call first):
  /Users/jackson/ParF/parflow/cmake/modules/RunParallelTest.cmake:63 (pf_exec_check)


<end of output>
Test time =   1.24 sec
----------------------------------------------------------
Test Failed.
"overland_tiltedV_KWE.tcl" end time: Dec 18 13:19 MST
"overland_tiltedV_KWE.tcl" time elapsed: 00:00:01
----------------------------------------------------------

27/146 Testing: overland_slopingslab_DWE.tcl
27/146 Test: overland_slopingslab_DWE.tcl
Command: "/usr/local/bin/cmake" "-DPARFLOW_TEST=overland_slopingslab_DWE.tcl;1;1;1" "-P" "/Users/jackson/ParF/parflow/cmake/modules/RunParallelTest.cmake"
Directory: /Users/jackson/ParF/parflow/test
"overland_slopingslab_DWE.tcl" start time: Dec 18 13:19 MST
Output:
----------------------------------------------------------
0.01 0.01 posxposy
Slab.posxposy.OverlandDif
[jackson-igwmc-desktop:46765] *** An error occurred in MPI_Comm_split
[jackson-igwmc-desktop:46765] *** reported by process [1895170049,0]
[jackson-igwmc-desktop:46765] *** on communicator MPI_COMM_WORLD
[jackson-igwmc-desktop:46765] *** MPI_ERR_ARG: invalid argument of some other kind
[jackson-igwmc-desktop:46765] *** MPI_ERRORS_ARE_FATAL (processes in this communicator will now abort,
[jackson-igwmc-desktop:46765] ***    and potentially your MPI job)
child process exited abnormally
    while executing
"exec sh /Users/jackson/ParF/parflow/bin/run Slab.posxposy.OverlandDif 1"
    ("eval" body line 1)
    invoked from within
"eval exec sh $Parflow::PARFLOW_DIR/bin/run  $runname $NumProcs"
    invoked from within
"if [pfexists Process.Command] {
	set command [pfget Process.Command]
	puts [format "Using command : %s" [format $command $NumProcs $runname]]
	puts [e..."
    (procedure "pfrun" line 53)
    invoked from within
"pfrun $runname"
    ("foreach" body line 25)
    invoked from within
"foreach xslope [list 0.01 -0.01] yslope [list 0.01 -0.01] name [list posxposy negxnegy] {
  puts "$xslope $yslope $name"

  #### Set the slopes
  pfse..."
    (file "overland_slopingslab_DWE.tcl" line 297)

CMake Error at /Users/jackson/ParF/parflow/cmake/modules/RunParallelTest.cmake:14 (message):
  Error running tclsh;overland_slopingslab_DWE.tcl;1;1;1
Call Stack (most recent call first):
  /Users/jackson/ParF/parflow/cmake/modules/RunParallelTest.cmake:63 (pf_exec_check)


<end of output>
Test time =   1.23 sec
----------------------------------------------------------
Test Failed.
"overland_slopingslab_DWE.tcl" end time: Dec 18 13:19 MST
"overland_slopingslab_DWE.tcl" time elapsed: 00:00:01
----------------------------------------------------------

28/146 Testing: overland_tiltedV_DWE.tcl
28/146 Test: overland_tiltedV_DWE.tcl
Command: "/usr/local/bin/cmake" "-DPARFLOW_TEST=overland_tiltedV_DWE.tcl;1;1;1" "-P" "/Users/jackson/ParF/parflow/cmake/modules/RunParallelTest.cmake"
Directory: /Users/jackson/ParF/parflow/test
"overland_tiltedV_DWE.tcl" start time: Dec 18 13:19 MST
Output:
----------------------------------------------------------
##########
TiltedV_OverlandDif
[jackson-igwmc-desktop:46780] *** An error occurred in MPI_Comm_split
[jackson-igwmc-desktop:46780] *** reported by process [1893793793,0]
[jackson-igwmc-desktop:46780] *** on communicator MPI_COMM_WORLD
[jackson-igwmc-desktop:46780] *** MPI_ERR_ARG: invalid argument of some other kind
[jackson-igwmc-desktop:46780] *** MPI_ERRORS_ARE_FATAL (processes in this communicator will now abort,
[jackson-igwmc-desktop:46780] ***    and potentially your MPI job)
child process exited abnormally
    while executing
"exec sh /Users/jackson/ParF/parflow/bin/run TiltedV_OverlandDif 1"
    ("eval" body line 1)
    invoked from within
"eval exec sh $Parflow::PARFLOW_DIR/bin/run  $runname $NumProcs"
    invoked from within
"if [pfexists Process.Command] {
	set command [pfget Process.Command]
	puts [format "Using command : %s" [format $command $NumProcs $runname]]
	puts [e..."
    (procedure "pfrun" line 53)
    invoked from within
"pfrun $runname"
    (file "overland_tiltedV_DWE.tcl" line 346)

CMake Error at /Users/jackson/ParF/parflow/cmake/modules/RunParallelTest.cmake:14 (message):
  Error running tclsh;overland_tiltedV_DWE.tcl;1;1;1
Call Stack (most recent call first):
  /Users/jackson/ParF/parflow/cmake/modules/RunParallelTest.cmake:63 (pf_exec_check)


<end of output>
Test time =   1.24 sec
----------------------------------------------------------
Test Failed.
"overland_tiltedV_DWE.tcl" end time: Dec 18 13:19 MST
"overland_tiltedV_DWE.tcl" time elapsed: 00:00:01
----------------------------------------------------------

29/146 Testing: overland_FlatICP.tcl
29/146 Test: overland_FlatICP.tcl
Command: "/usr/local/bin/cmake" "-DPARFLOW_TEST=overland_FlatICP.tcl;1;1;1" "-P" "/Users/jackson/ParF/parflow/cmake/modules/RunParallelTest.cmake"
Directory: /Users/jackson/ParF/parflow/test
"overland_FlatICP.tcl" start time: Dec 18 13:19 MST
Output:
----------------------------------------------------------
FlatICP_Overland
[jackson-igwmc-desktop:46792] *** An error occurred in MPI_Comm_split
[jackson-igwmc-desktop:46792] *** reported by process [1889337345,0]
[jackson-igwmc-desktop:46792] *** on communicator MPI_COMM_WORLD
[jackson-igwmc-desktop:46792] *** MPI_ERR_ARG: invalid argument of some other kind
[jackson-igwmc-desktop:46792] *** MPI_ERRORS_ARE_FATAL (processes in this communicator will now abort,
[jackson-igwmc-desktop:46792] ***    and potentially your MPI job)
child process exited abnormally
    while executing
"exec sh /Users/jackson/ParF/parflow/bin/run FlatICP_Overland 1"
    ("eval" body line 1)
    invoked from within
"eval exec sh $Parflow::PARFLOW_DIR/bin/run  $runname $NumProcs"
    invoked from within
"if [pfexists Process.Command] {
	set command [pfget Process.Command]
	puts [format "Using command : %s" [format $command $NumProcs $runname]]
	puts [e..."
    (procedure "pfrun" line 53)
    invoked from within
"pfrun $runname"
    (file "overland_FlatICP.tcl" line 316)

CMake Error at /Users/jackson/ParF/parflow/cmake/modules/RunParallelTest.cmake:14 (message):
  Error running tclsh;overland_FlatICP.tcl;1;1;1
Call Stack (most recent call first):
  /Users/jackson/ParF/parflow/cmake/modules/RunParallelTest.cmake:63 (pf_exec_check)


<end of output>
Test time =   1.24 sec
----------------------------------------------------------
Test Failed.
"overland_FlatICP.tcl" end time: Dec 18 13:19 MST
"overland_FlatICP.tcl" time elapsed: 00:00:01
----------------------------------------------------------

30/146 Testing: richards_FBx.tcl
30/146 Test: richards_FBx.tcl
Command: "/usr/local/bin/cmake" "-DPARFLOW_TEST=richards_FBx.tcl;1;1;1" "-P" "/Users/jackson/ParF/parflow/cmake/modules/RunParallelTest.cmake"
Directory: /Users/jackson/ParF/parflow/test
"richards_FBx.tcl" start time: Dec 18 13:19 MST
Output:
----------------------------------------------------------
[jackson-igwmc-desktop:46805] *** An error occurred in MPI_Comm_split
[jackson-igwmc-desktop:46805] *** reported by process [1888354305,0]
[jackson-igwmc-desktop:46805] *** on communicator MPI_COMM_WORLD
[jackson-igwmc-desktop:46805] *** MPI_ERR_ARG: invalid argument of some other kind
[jackson-igwmc-desktop:46805] *** MPI_ERRORS_ARE_FATAL (processes in this communicator will now abort,
[jackson-igwmc-desktop:46805] ***    and potentially your MPI job)
child process exited abnormally
    while executing
"exec sh /Users/jackson/ParF/parflow/bin/run richards_FBx 1"
    ("eval" body line 1)
    invoked from within
"eval exec sh $Parflow::PARFLOW_DIR/bin/run  $runname $NumProcs"
    invoked from within
"if [pfexists Process.Command] {
	set command [pfget Process.Command]
	puts [format "Using command : %s" [format $command $NumProcs $runname]]
	puts [e..."
    (procedure "pfrun" line 53)
    invoked from within
"pfrun $runname"
    (file "richards_FBx.tcl" line 313)
Using process grid (1,1,1)

CMake Error at /Users/jackson/ParF/parflow/cmake/modules/RunParallelTest.cmake:14 (message):
  Error running tclsh;richards_FBx.tcl;1;1;1
Call Stack (most recent call first):
  /Users/jackson/ParF/parflow/cmake/modules/RunParallelTest.cmake:63 (pf_exec_check)


<end of output>
Test time =   1.27 sec
----------------------------------------------------------
Test Failed.
"richards_FBx.tcl" end time: Dec 18 13:19 MST
"richards_FBx.tcl" time elapsed: 00:00:01
----------------------------------------------------------

31/146 Testing: richards_FBy.tcl
31/146 Test: richards_FBy.tcl
Command: "/usr/local/bin/cmake" "-DPARFLOW_TEST=richards_FBy.tcl;1;1;1" "-P" "/Users/jackson/ParF/parflow/cmake/modules/RunParallelTest.cmake"
Directory: /Users/jackson/ParF/parflow/test
"richards_FBy.tcl" start time: Dec 18 13:19 MST
Output:
----------------------------------------------------------
[jackson-igwmc-desktop:46818] *** An error occurred in MPI_Comm_split
[jackson-igwmc-desktop:46818] *** reported by process [1891303425,0]
[jackson-igwmc-desktop:46818] *** on communicator MPI_COMM_WORLD
[jackson-igwmc-desktop:46818] *** MPI_ERR_ARG: invalid argument of some other kind
[jackson-igwmc-desktop:46818] *** MPI_ERRORS_ARE_FATAL (processes in this communicator will now abort,
[jackson-igwmc-desktop:46818] ***    and potentially your MPI job)
child process exited abnormally
    while executing
"exec sh /Users/jackson/ParF/parflow/bin/run richards_FBy 1"
    ("eval" body line 1)
    invoked from within
"eval exec sh $Parflow::PARFLOW_DIR/bin/run  $runname $NumProcs"
    invoked from within
"if [pfexists Process.Command] {
	set command [pfget Process.Command]
	puts [format "Using command : %s" [format $command $NumProcs $runname]]
	puts [e..."
    (procedure "pfrun" line 53)
    invoked from within
"pfrun $runname"
    (file "richards_FBy.tcl" line 313)
Using process grid (1,1,1)

CMake Error at /Users/jackson/ParF/parflow/cmake/modules/RunParallelTest.cmake:14 (message):
  Error running tclsh;richards_FBy.tcl;1;1;1
Call Stack (most recent call first):
  /Users/jackson/ParF/parflow/cmake/modules/RunParallelTest.cmake:63 (pf_exec_check)


<end of output>
Test time =   1.25 sec
----------------------------------------------------------
Test Failed.
"richards_FBy.tcl" end time: Dec 18 13:19 MST
"richards_FBy.tcl" time elapsed: 00:00:01
----------------------------------------------------------

32/146 Testing: richards_box_proctest.tcl
32/146 Test: richards_box_proctest.tcl
Command: "/usr/local/bin/cmake" "-DPARFLOW_TEST=richards_box_proctest.tcl;1;1;1" "-P" "/Users/jackson/ParF/parflow/cmake/modules/RunParallelTest.cmake"
Directory: /Users/jackson/ParF/parflow/test
"richards_box_proctest.tcl" start time: Dec 18 13:19 MST
Output:
----------------------------------------------------------
[jackson-igwmc-desktop:46830] *** An error occurred in MPI_Comm_split
[jackson-igwmc-desktop:46830] *** reported by process [1891041281,0]
[jackson-igwmc-desktop:46830] *** on communicator MPI_COMM_WORLD
[jackson-igwmc-desktop:46830] *** MPI_ERR_ARG: invalid argument of some other kind
[jackson-igwmc-desktop:46830] *** MPI_ERRORS_ARE_FATAL (processes in this communicator will now abort,
[jackson-igwmc-desktop:46830] ***    and potentially your MPI job)
child process exited abnormally
    while executing
"exec sh /Users/jackson/ParF/parflow/bin/run richards_ptest 1"
    ("eval" body line 1)
    invoked from within
"eval exec sh $Parflow::PARFLOW_DIR/bin/run  $runname $NumProcs"
    invoked from within
"if [pfexists Process.Command] {
	set command [pfget Process.Command]
	puts [format "Using command : %s" [format $command $NumProcs $runname]]
	puts [e..."
    (procedure "pfrun" line 53)
    invoked from within
"pfrun $runname"
    (file "richards_box_proctest.tcl" line 288)

CMake Error at /Users/jackson/ParF/parflow/cmake/modules/RunParallelTest.cmake:14 (message):
  Error running tclsh;richards_box_proctest.tcl;1;1;1
Call Stack (most recent call first):
  /Users/jackson/ParF/parflow/cmake/modules/RunParallelTest.cmake:63 (pf_exec_check)


<end of output>
Test time =   1.24 sec
----------------------------------------------------------
Test Failed.
"richards_box_proctest.tcl" end time: Dec 18 13:19 MST
"richards_box_proctest.tcl" time elapsed: 00:00:01
----------------------------------------------------------

33/146 Testing: indicator_field.tcl
33/146 Test: indicator_field.tcl
Command: "/usr/local/bin/cmake" "-DPARFLOW_TEST=indicator_field.tcl;1;1;1" "-P" "/Users/jackson/ParF/parflow/cmake/modules/RunParallelTest.cmake"
Directory: /Users/jackson/ParF/parflow/test
"indicator_field.tcl" start time: Dec 18 13:19 MST
Output:
----------------------------------------------------------
[jackson-igwmc-desktop:46845] *** An error occurred in MPI_Comm_split
[jackson-igwmc-desktop:46845] *** reported by process [1889927169,0]
[jackson-igwmc-desktop:46845] *** on communicator MPI_COMM_WORLD
[jackson-igwmc-desktop:46845] *** MPI_ERR_ARG: invalid argument of some other kind
[jackson-igwmc-desktop:46845] *** MPI_ERRORS_ARE_FATAL (processes in this communicator will now abort,
[jackson-igwmc-desktop:46845] ***    and potentially your MPI job)
child process exited abnormally
    while executing
"exec sh /Users/jackson/ParF/parflow/bin/run indicator_field 1"
    ("eval" body line 1)
    invoked from within
"eval exec sh $Parflow::PARFLOW_DIR/bin/run  $runname $NumProcs"
    invoked from within
"if [pfexists Process.Command] {
	set command [pfget Process.Command]
	puts [format "Using command : %s" [format $command $NumProcs $runname]]
	puts [e..."
    (procedure "pfrun" line 53)
    invoked from within
"pfrun $name"
    (file "indicator_field.tcl" line 327)
Using process grid (1,1,1)

CMake Error at /Users/jackson/ParF/parflow/cmake/modules/RunParallelTest.cmake:14 (message):
  Error running tclsh;indicator_field.tcl;1;1;1
Call Stack (most recent call first):
  /Users/jackson/ParF/parflow/cmake/modules/RunParallelTest.cmake:63 (pf_exec_check)


<end of output>
Test time =   1.24 sec
----------------------------------------------------------
Test Failed.
"indicator_field.tcl" end time: Dec 18 13:19 MST
"indicator_field.tcl" time elapsed: 00:00:01
----------------------------------------------------------

34/146 Testing: water_balance_y.tcl
34/146 Test: water_balance_y.tcl
Command: "/usr/local/bin/cmake" "-DPARFLOW_TEST=water_balance_y.tcl;1;1;1" "-P" "/Users/jackson/ParF/parflow/cmake/modules/RunParallelTest.cmake"
Directory: /Users/jackson/ParF/parflow/test
"water_balance_y.tcl" start time: Dec 18 13:19 MST
Output:
----------------------------------------------------------
[jackson-igwmc-desktop:46857] *** An error occurred in MPI_Comm_split
[jackson-igwmc-desktop:46857] *** reported by process [1901199361,0]
[jackson-igwmc-desktop:46857] *** on communicator MPI_COMM_WORLD
[jackson-igwmc-desktop:46857] *** MPI_ERR_ARG: invalid argument of some other kind
[jackson-igwmc-desktop:46857] *** MPI_ERRORS_ARE_FATAL (processes in this communicator will now abort,
[jackson-igwmc-desktop:46857] ***    and potentially your MPI job)
child process exited abnormally
    while executing
"exec sh /Users/jackson/ParF/parflow/bin/run water_balance 1"
    ("eval" body line 1)
    invoked from within
"eval exec sh $Parflow::PARFLOW_DIR/bin/run  $runname $NumProcs"
    invoked from within
"if [pfexists Process.Command] {
	set command [pfget Process.Command]
	puts [format "Using command : %s" [format $command $NumProcs $runname]]
	puts [e..."
    (procedure "pfrun" line 53)
    invoked from within
"pfrun $runname"
    (file "water_balance_y.tcl" line 461)

CMake Error at /Users/jackson/ParF/parflow/cmake/modules/RunParallelTest.cmake:14 (message):
  Error running tclsh;water_balance_y.tcl;1;1;1
Call Stack (most recent call first):
  /Users/jackson/ParF/parflow/cmake/modules/RunParallelTest.cmake:63 (pf_exec_check)


<end of output>
Test time =   1.30 sec
----------------------------------------------------------
Test Failed.
"water_balance_y.tcl" end time: Dec 18 13:19 MST
"water_balance_y.tcl" time elapsed: 00:00:01
----------------------------------------------------------

35/146 Testing: water_balance_x.tcl
35/146 Test: water_balance_x.tcl
Command: "/usr/local/bin/cmake" "-DPARFLOW_TEST=water_balance_x.tcl;1;1;1" "-P" "/Users/jackson/ParF/parflow/cmake/modules/RunParallelTest.cmake"
Directory: /Users/jackson/ParF/parflow/test
"water_balance_x.tcl" start time: Dec 18 13:19 MST
Output:
----------------------------------------------------------
[jackson-igwmc-desktop:46870] *** An error occurred in MPI_Comm_split
[jackson-igwmc-desktop:46870] *** reported by process [1901002753,0]
[jackson-igwmc-desktop:46870] *** on communicator MPI_COMM_WORLD
[jackson-igwmc-desktop:46870] *** MPI_ERR_ARG: invalid argument of some other kind
[jackson-igwmc-desktop:46870] *** MPI_ERRORS_ARE_FATAL (processes in this communicator will now abort,
[jackson-igwmc-desktop:46870] ***    and potentially your MPI job)
child process exited abnormally
    while executing
"exec sh /Users/jackson/ParF/parflow/bin/run water_balance 1"
    ("eval" body line 1)
    invoked from within
"eval exec sh $Parflow::PARFLOW_DIR/bin/run  $runname $NumProcs"
    invoked from within
"if [pfexists Process.Command] {
	set command [pfget Process.Command]
	puts [format "Using command : %s" [format $command $NumProcs $runname]]
	puts [e..."
    (procedure "pfrun" line 53)
    invoked from within
"pfrun $runname"
    (file "water_balance_x.tcl" line 462)

CMake Error at /Users/jackson/ParF/parflow/cmake/modules/RunParallelTest.cmake:14 (message):
  Error running tclsh;water_balance_x.tcl;1;1;1
Call Stack (most recent call first):
  /Users/jackson/ParF/parflow/cmake/modules/RunParallelTest.cmake:63 (pf_exec_check)


<end of output>
Test time =   1.23 sec
----------------------------------------------------------
Test Failed.
"water_balance_x.tcl" end time: Dec 18 13:19 MST
"water_balance_x.tcl" time elapsed: 00:00:01
----------------------------------------------------------

36/146 Testing: default_richards_with_silo.tcl
36/146 Test: default_richards_with_silo.tcl
Command: "/usr/local/bin/cmake" "-DPARFLOW_TEST=default_richards_with_silo.tcl;1;1;1" "-P" "/Users/jackson/ParF/parflow/cmake/modules/RunParallelTest.cmake"
Directory: /Users/jackson/ParF/parflow/test
"default_richards_with_silo.tcl" start time: Dec 18 13:19 MST
Output:
----------------------------------------------------------
[jackson-igwmc-desktop:46884] *** An error occurred in MPI_Comm_split
[jackson-igwmc-desktop:46884] *** reported by process [1903755265,0]
[jackson-igwmc-desktop:46884] *** on communicator MPI_COMM_WORLD
[jackson-igwmc-desktop:46884] *** MPI_ERR_ARG: invalid argument of some other kind
[jackson-igwmc-desktop:46884] *** MPI_ERRORS_ARE_FATAL (processes in this communicator will now abort,
[jackson-igwmc-desktop:46884] ***    and potentially your MPI job)
child process exited abnormally
    while executing
"exec sh /Users/jackson/ParF/parflow/bin/run default_richards 1"
    ("eval" body line 1)
    invoked from within
"eval exec sh $Parflow::PARFLOW_DIR/bin/run  $runname $NumProcs"
    invoked from within
"if [pfexists Process.Command] {
	set command [pfget Process.Command]
	puts [format "Using command : %s" [format $command $NumProcs $runname]]
	puts [e..."
    (procedure "pfrun" line 53)
    invoked from within
"pfrun default_richards"
    (file "default_richards_with_silo.tcl" line 344)

CMake Error at /Users/jackson/ParF/parflow/cmake/modules/RunParallelTest.cmake:14 (message):
  Error running tclsh;default_richards_with_silo.tcl;1;1;1
Call Stack (most recent call first):
  /Users/jackson/ParF/parflow/cmake/modules/RunParallelTest.cmake:63 (pf_exec_check)


<end of output>
Test time =   1.24 sec
----------------------------------------------------------
Test Failed.
"default_richards_with_silo.tcl" end time: Dec 18 13:19 MST
"default_richards_with_silo.tcl" time elapsed: 00:00:01
----------------------------------------------------------

37/146 Testing: default_single.tcl_1_1_2
37/146 Test: default_single.tcl_1_1_2
Command: "/usr/local/bin/cmake" "-DPARFLOW_TEST=default_single.tcl;1;1;2" "-P" "/Users/jackson/ParF/parflow/cmake/modules/RunParallelTest.cmake"
Directory: /Users/jackson/ParF/parflow/test
"default_single.tcl_1_1_2" start time: Dec 18 13:19 MST
Output:
----------------------------------------------------------
[jackson-igwmc-desktop:46896] *** An error occurred in MPI_Comm_split
[jackson-igwmc-desktop:46896] *** reported by process [1903493121,0]
[jackson-igwmc-desktop:46896] *** on communicator MPI_COMM_WORLD
[jackson-igwmc-desktop:46896] *** MPI_ERR_ARG: invalid argument of some other kind
[jackson-igwmc-desktop:46896] *** MPI_ERRORS_ARE_FATAL (processes in this communicator will now abort,
[jackson-igwmc-desktop:46896] ***    and potentially your MPI job)
[jackson-igwmc-desktop.mines.edu:46895] 1 more process has sent help message help-mpi-errors.txt / mpi_errors_are_fatal
[jackson-igwmc-desktop.mines.edu:46895] Set MCA parameter "orte_base_help_aggregate" to 0 to see all help / error messages
child process exited abnormally
    while executing
"exec sh /Users/jackson/ParF/parflow/bin/run default_single 2"
    ("eval" body line 1)
    invoked from within
"eval exec sh $Parflow::PARFLOW_DIR/bin/run  $runname $NumProcs"
    invoked from within
"if [pfexists Process.Command] {
	set command [pfget Process.Command]
	puts [format "Using command : %s" [format $command $NumProcs $runname]]
	puts [e..."
    (procedure "pfrun" line 53)
    invoked from within
"pfrun default_single"
    (file "default_single.tcl" line 328)

CMake Error at /Users/jackson/ParF/parflow/cmake/modules/RunParallelTest.cmake:14 (message):
  Error running tclsh;default_single.tcl;1;1;2
Call Stack (most recent call first):
  /Users/jackson/ParF/parflow/cmake/modules/RunParallelTest.cmake:63 (pf_exec_check)


<end of output>
Test time =   1.24 sec
----------------------------------------------------------
Test Failed.
"default_single.tcl_1_1_2" end time: Dec 18 13:19 MST
"default_single.tcl_1_1_2" time elapsed: 00:00:01
----------------------------------------------------------

38/146 Testing: default_single.tcl_1_2_1
38/146 Test: default_single.tcl_1_2_1
Command: "/usr/local/bin/cmake" "-DPARFLOW_TEST=default_single.tcl;1;2;1" "-P" "/Users/jackson/ParF/parflow/cmake/modules/RunParallelTest.cmake"
Directory: /Users/jackson/ParF/parflow/test
"default_single.tcl_1_2_1" start time: Dec 18 13:19 MST
Output:
----------------------------------------------------------
[jackson-igwmc-desktop:46910] *** An error occurred in MPI_Comm_split
[jackson-igwmc-desktop:46910] *** reported by process [1902510081,1]
[jackson-igwmc-desktop:46910] *** on communicator MPI_COMM_WORLD
[jackson-igwmc-desktop:46910] *** MPI_ERR_ARG: invalid argument of some other kind
[jackson-igwmc-desktop:46910] *** MPI_ERRORS_ARE_FATAL (processes in this communicator will now abort,
[jackson-igwmc-desktop:46910] ***    and potentially your MPI job)
[jackson-igwmc-desktop.mines.edu:46908] 1 more process has sent help message help-mpi-errors.txt / mpi_errors_are_fatal
[jackson-igwmc-desktop.mines.edu:46908] Set MCA parameter "orte_base_help_aggregate" to 0 to see all help / error messages
child process exited abnormally
    while executing
"exec sh /Users/jackson/ParF/parflow/bin/run default_single 2"
    ("eval" body line 1)
    invoked from within
"eval exec sh $Parflow::PARFLOW_DIR/bin/run  $runname $NumProcs"
    invoked from within
"if [pfexists Process.Command] {
	set command [pfget Process.Command]
	puts [format "Using command : %s" [format $command $NumProcs $runname]]
	puts [e..."
    (procedure "pfrun" line 53)
    invoked from within
"pfrun default_single"
    (file "default_single.tcl" line 328)

CMake Error at /Users/jackson/ParF/parflow/cmake/modules/RunParallelTest.cmake:14 (message):
  Error running tclsh;default_single.tcl;1;2;1
Call Stack (most recent call first):
  /Users/jackson/ParF/parflow/cmake/modules/RunParallelTest.cmake:63 (pf_exec_check)


<end of output>
Test time =   1.24 sec
----------------------------------------------------------
Test Failed.
"default_single.tcl_1_2_1" end time: Dec 18 13:19 MST
"default_single.tcl_1_2_1" time elapsed: 00:00:01
----------------------------------------------------------

39/146 Testing: default_single.tcl_2_1_1
39/146 Test: default_single.tcl_2_1_1
Command: "/usr/local/bin/cmake" "-DPARFLOW_TEST=default_single.tcl;2;1;1" "-P" "/Users/jackson/ParF/parflow/cmake/modules/RunParallelTest.cmake"
Directory: /Users/jackson/ParF/parflow/test
"default_single.tcl_2_1_1" start time: Dec 18 13:19 MST
Output:
----------------------------------------------------------
[jackson-igwmc-desktop:46923] *** An error occurred in MPI_Comm_split
[jackson-igwmc-desktop:46923] *** reported by process [1897070593,1]
[jackson-igwmc-desktop:46923] *** on communicator MPI_COMM_WORLD
[jackson-igwmc-desktop:46923] *** MPI_ERR_ARG: invalid argument of some other kind
[jackson-igwmc-desktop:46923] *** MPI_ERRORS_ARE_FATAL (processes in this communicator will now abort,
[jackson-igwmc-desktop:46923] ***    and potentially your MPI job)
[jackson-igwmc-desktop.mines.edu:46921] 1 more process has sent help message help-mpi-errors.txt / mpi_errors_are_fatal
[jackson-igwmc-desktop.mines.edu:46921] Set MCA parameter "orte_base_help_aggregate" to 0 to see all help / error messages
child process exited abnormally
    while executing
"exec sh /Users/jackson/ParF/parflow/bin/run default_single 2"
    ("eval" body line 1)
    invoked from within
"eval exec sh $Parflow::PARFLOW_DIR/bin/run  $runname $NumProcs"
    invoked from within
"if [pfexists Process.Command] {
	set command [pfget Process.Command]
	puts [format "Using command : %s" [format $command $NumProcs $runname]]
	puts [e..."
    (procedure "pfrun" line 53)
    invoked from within
"pfrun default_single"
    (file "default_single.tcl" line 328)

CMake Error at /Users/jackson/ParF/parflow/cmake/modules/RunParallelTest.cmake:14 (message):
  Error running tclsh;default_single.tcl;2;1;1
Call Stack (most recent call first):
  /Users/jackson/ParF/parflow/cmake/modules/RunParallelTest.cmake:63 (pf_exec_check)


<end of output>
Test time =   1.24 sec
----------------------------------------------------------
Test Failed.
"default_single.tcl_2_1_1" end time: Dec 18 13:19 MST
"default_single.tcl_2_1_1" time elapsed: 00:00:01
----------------------------------------------------------

40/146 Testing: default_single.tcl_2_2_2
40/146 Test: default_single.tcl_2_2_2
Command: "/usr/local/bin/cmake" "-DPARFLOW_TEST=default_single.tcl;2;2;2" "-P" "/Users/jackson/ParF/parflow/cmake/modules/RunParallelTest.cmake"
Directory: /Users/jackson/ParF/parflow/test
"default_single.tcl_2_2_2" start time: Dec 18 13:19 MST
Output:
----------------------------------------------------------
--------------------------------------------------------------------------
There are not enough slots available in the system to satisfy the 8 slots
that were requested by the application:
  /Users/jackson/ParF/parflow/bin/parflow

Either request fewer slots for your application, or make more slots available
for use.
--------------------------------------------------------------------------
child process exited abnormally
    while executing
"exec sh /Users/jackson/ParF/parflow/bin/run default_single 8"
    ("eval" body line 1)
    invoked from within
"eval exec sh $Parflow::PARFLOW_DIR/bin/run  $runname $NumProcs"
    invoked from within
"if [pfexists Process.Command] {
	set command [pfget Process.Command]
	puts [format "Using command : %s" [format $command $NumProcs $runname]]
	puts [e..."
    (procedure "pfrun" line 53)
    invoked from within
"pfrun default_single"
    (file "default_single.tcl" line 328)

CMake Error at /Users/jackson/ParF/parflow/cmake/modules/RunParallelTest.cmake:14 (message):
  Error running tclsh;default_single.tcl;2;2;2
Call Stack (most recent call first):
  /Users/jackson/ParF/parflow/cmake/modules/RunParallelTest.cmake:63 (pf_exec_check)


<end of output>
Test time =   0.15 sec
----------------------------------------------------------
Test Failed.
"default_single.tcl_2_2_2" end time: Dec 18 13:19 MST
"default_single.tcl_2_2_2" time elapsed: 00:00:00
----------------------------------------------------------

41/146 Testing: default_single.tcl_3_3_3
41/146 Test: default_single.tcl_3_3_3
Command: "/usr/local/bin/cmake" "-DPARFLOW_TEST=default_single.tcl;3;3;3" "-P" "/Users/jackson/ParF/parflow/cmake/modules/RunParallelTest.cmake"
Directory: /Users/jackson/ParF/parflow/test
"default_single.tcl_3_3_3" start time: Dec 18 13:19 MST
Output:
----------------------------------------------------------
--------------------------------------------------------------------------
There are not enough slots available in the system to satisfy the 27 slots
that were requested by the application:
  /Users/jackson/ParF/parflow/bin/parflow

Either request fewer slots for your application, or make more slots available
for use.
--------------------------------------------------------------------------
child process exited abnormally
    while executing
"exec sh /Users/jackson/ParF/parflow/bin/run default_single 27"
    ("eval" body line 1)
    invoked from within
"eval exec sh $Parflow::PARFLOW_DIR/bin/run  $runname $NumProcs"
    invoked from within
"if [pfexists Process.Command] {
	set command [pfget Process.Command]
	puts [format "Using command : %s" [format $command $NumProcs $runname]]
	puts [e..."
    (procedure "pfrun" line 53)
    invoked from within
"pfrun default_single"
    (file "default_single.tcl" line 328)

CMake Error at /Users/jackson/ParF/parflow/cmake/modules/RunParallelTest.cmake:14 (message):
  Error running tclsh;default_single.tcl;3;3;3
Call Stack (most recent call first):
  /Users/jackson/ParF/parflow/cmake/modules/RunParallelTest.cmake:63 (pf_exec_check)


<end of output>
Test time =   0.15 sec
----------------------------------------------------------
Test Failed.
[...]
	puts [e..."
    (procedure "pfrun" line 53)
    invoked from within
"pfrun impes.plinear "
    (file "impes.plinear.tcl" line 267)

CMake Error at /Users/jackson/ParF/parflow/cmake/modules/RunParallelTest.cmake:14 (message):
  Error running tclsh;impes.plinear.tcl;1;1;1
Call Stack (most recent call first):
  /Users/jackson/ParF/parflow/cmake/modules/RunParallelTest.cmake:63 (pf_exec_check)


<end of output>
Test time =   1.23 sec
----------------------------------------------------------
Test Failed.
"impes.plinear.tcl" end time: Dec 18 13:20 MST
"impes.plinear.tcl" time elapsed: 00:00:01
----------------------------------------------------------

131/146 Testing: richards.plinear.tcl_2_1_1
131/146 Test: richards.plinear.tcl_2_1_1
Command: "/usr/local/bin/cmake" "-DPARFLOW_TEST=richards.plinear.tcl;2;1;1" "-P" "/Users/jackson/ParF/parflow/cmake/modules/RunParallelTest.cmake"
Directory: /Users/jackson/ParF/parflow/examples
"richards.plinear.tcl_2_1_1" start time: Dec 18 13:20 MST
Output:
----------------------------------------------------------
[jackson-igwmc-desktop:48203] *** An error occurred in MPI_Comm_split
[jackson-igwmc-desktop:48203] *** reported by process [2048065537,1]
[jackson-igwmc-desktop:48203] *** on communicator MPI_COMM_WORLD
[jackson-igwmc-desktop:48203] *** MPI_ERR_ARG: invalid argument of some other kind
[jackson-igwmc-desktop:48203] *** MPI_ERRORS_ARE_FATAL (processes in this communicator will now abort,
[jackson-igwmc-desktop:48203] ***    and potentially your MPI job)
[jackson-igwmc-desktop.mines.edu:48201] 1 more process has sent help message help-mpi-errors.txt / mpi_errors_are_fatal
[jackson-igwmc-desktop.mines.edu:48201] Set MCA parameter "orte_base_help_aggregate" to 0 to see all help / error messages
child process exited abnormally
    while executing
"exec sh /Users/jackson/ParF/parflow/bin/run richards.plinear 2"
    ("eval" body line 1)
    invoked from within
"eval exec sh $Parflow::PARFLOW_DIR/bin/run  $runname $NumProcs"
    invoked from within
"if [pfexists Process.Command] {
	set command [pfget Process.Command]
	puts [format "Using command : %s" [format $command $NumProcs $runname]]
	puts [e..."
    (procedure "pfrun" line 53)
    invoked from within
"pfrun $runname "
    (file "richards.plinear.tcl" line 342)

CMake Error at /Users/jackson/ParF/parflow/cmake/modules/RunParallelTest.cmake:14 (message):
  Error running tclsh;richards.plinear.tcl;2;1;1
Call Stack (most recent call first):
  /Users/jackson/ParF/parflow/cmake/modules/RunParallelTest.cmake:63 (pf_exec_check)


<end of output>
Test time =   1.24 sec
----------------------------------------------------------
Test Failed.
"richards.plinear.tcl_2_1_1" end time: Dec 18 13:20 MST
"richards.plinear.tcl_2_1_1" time elapsed: 00:00:01
----------------------------------------------------------

132/146 Testing: mask-test-1
132/146 Test: mask-test-1
Command: "/usr/local/bin/cmake" "-DPFCMD=/Users/jackson/ParF/parflow/build/pftools/pfmask-to-pfsol;--mask;mask-test-1.asc;--vtk;mask-test-1.vtk;--pfsol;mask-test-1.pfsol;--bottom-patch-label;2;--side-patch-label;3" "-DPFFILES=mask-test-1.pfsol;mask-test-1.vtk" "-P" "/Users/jackson/ParF/parflow/cmake/modules/RunFileCompareTest.cmake"
Directory: /Users/jackson/ParF/parflow/pftools/test
"mask-test-1" start time: Dec 18 13:20 MST
Output:
----------------------------------------------------------
-- Domain Size = (4,4,1)
Starting corner = (0,0,0)
Cell Size = (1,1,1)
Bottom patch = 2
Side patch = 3

Number of triangles in patch 1 = 8
Number of triangles in patch 2 = 8
Number of triangles in patch 3 = 16

-- Comparing mask-test-1.pfsol
-- Comparing mask-test-1.vtk
<end of output>
Test time =   0.06 sec
----------------------------------------------------------
Test Passed.
"mask-test-1" end time: Dec 18 13:20 MST
"mask-test-1" time elapsed: 00:00:00
----------------------------------------------------------

133/146 Testing: mask-test-2
133/146 Test: mask-test-2
Command: "/usr/local/bin/cmake" "-DPFCMD=/Users/jackson/ParF/parflow/build/pftools/pfmask-to-pfsol;--mask;mask-test-2.asc;--vtk;mask-test-2.vtk;--pfsol;mask-test-2.pfsol;--bottom-patch-label;2;--side-patch-label;3" "-DPFFILES=mask-test-2.pfsol;mask-test-2.vtk" "-P" "/Users/jackson/ParF/parflow/cmake/modules/RunFileCompareTest.cmake"
Directory: /Users/jackson/ParF/parflow/pftools/test
"mask-test-2" start time: Dec 18 13:20 MST
Output:
----------------------------------------------------------
-- Domain Size = (4,4,1)
Starting corner = (0,0,0)
Cell Size = (1,1,1)
Bottom patch = 2
Side patch = 3

Number of triangles in patch 1 = 6
Number of triangles in patch 2 = 6
Number of triangles in patch 3 = 16

-- Comparing mask-test-2.pfsol
-- Comparing mask-test-2.vtk
<end of output>
Test time =   0.04 sec
----------------------------------------------------------
Test Passed.
"mask-test-2" end time: Dec 18 13:20 MST
"mask-test-2" time elapsed: 00:00:00
----------------------------------------------------------

134/146 Testing: mask-test-3
134/146 Test: mask-test-3
Command: "/usr/local/bin/cmake" "-DPFCMD=/Users/jackson/ParF/parflow/build/pftools/pfmask-to-pfsol;--mask;mask-test-3.asc;--vtk;mask-test-3.vtk;--pfsol;mask-test-3.pfsol;--bottom-patch-label;2;--side-patch-label;3" "-DPFFILES=mask-test-3.pfsol;mask-test-3.vtk" "-P" "/Users/jackson/ParF/parflow/cmake/modules/RunFileCompareTest.cmake"
Directory: /Users/jackson/ParF/parflow/pftools/test
"mask-test-3" start time: Dec 18 13:20 MST
Output:
----------------------------------------------------------
-- Domain Size = (4,4,1)
Starting corner = (0,0,0)
Cell Size = (1,1,1)
Bottom patch = 2
Side patch = 3

Number of triangles in patch 1 = 32
Number of triangles in patch 2 = 32
Number of triangles in patch 3 = 32

-- Comparing mask-test-3.pfsol
-- Comparing mask-test-3.vtk
<end of output>
Test time =   0.07 sec
----------------------------------------------------------
Test Passed.
"mask-test-3" end time: Dec 18 13:20 MST
"mask-test-3" time elapsed: 00:00:00
----------------------------------------------------------

135/146 Testing: mask-test-4
135/146 Test: mask-test-4
Command: "/usr/local/bin/cmake" "-DPFCMD=/Users/jackson/ParF/parflow/build/pftools/pfmask-to-pfsol;--mask;mask-test-4.asc;--vtk;mask-test-4.vtk;--pfsol;mask-test-4.pfsol;--bottom-patch-label;2;--side-patch-label;3" "-DPFFILES=mask-test-4.pfsol;mask-test-4.vtk" "-P" "/Users/jackson/ParF/parflow/cmake/modules/RunFileCompareTest.cmake"
Directory: /Users/jackson/ParF/parflow/pftools/test
"mask-test-4" start time: Dec 18 13:20 MST
Output:
----------------------------------------------------------
-- Domain Size = (4,4,1)
Starting corner = (0,0,0)
Cell Size = (1,1,1)
Bottom patch = 2
Side patch = 3

Number of triangles in patch 1 = 28
Number of triangles in patch 2 = 28
Number of triangles in patch 3 = 32

-- Comparing mask-test-4.pfsol
-- Comparing mask-test-4.vtk
<end of output>
Test time =   0.06 sec
----------------------------------------------------------
Test Passed.
"mask-test-4" end time: Dec 18 13:20 MST
"mask-test-4" time elapsed: 00:00:00
----------------------------------------------------------

136/146 Testing: mask-test-5
136/146 Test: mask-test-5
Command: "/usr/local/bin/cmake" "-DPFCMD=/Users/jackson/ParF/parflow/build/pftools/pfmask-to-pfsol;--mask;mask-test-5.asc;--vtk;mask-test-5.vtk;--pfsol;mask-test-5.pfsol;--bottom-patch-label;2;--side-patch-label;3" "-DPFFILES=mask-test-5.pfsol;mask-test-5.vtk" "-P" "/Users/jackson/ParF/parflow/cmake/modules/RunFileCompareTest.cmake"
Directory: /Users/jackson/ParF/parflow/pftools/test
"mask-test-5" start time: Dec 18 13:20 MST
Output:
----------------------------------------------------------
-- Domain Size = (4,4,1)
Starting corner = (0,0,0)
Cell Size = (1,1,1)
Bottom patch = 2
Side patch = 3

Number of triangles in patch 1 = 26
Number of triangles in patch 2 = 26
Number of triangles in patch 3 = 44

-- Comparing mask-test-5.pfsol
-- Comparing mask-test-5.vtk
<end of output>
Test time =   0.04 sec
----------------------------------------------------------
Test Passed.
"mask-test-5" end time: Dec 18 13:20 MST
"mask-test-5" time elapsed: 00:00:00
----------------------------------------------------------

137/146 Testing: mask-test-6
137/146 Test: mask-test-6
Command: "/usr/local/bin/cmake" "-DPFCMD=/Users/jackson/ParF/parflow/build/pftools/pfmask-to-pfsol;--mask;mask-test-6.asc;--vtk;mask-test-6.vtk;--pfsol;mask-test-6.pfsol;--bottom-patch-label;2;--side-patch-label;3" "-DPFFILES=mask-test-6.pfsol;mask-test-6.vtk" "-P" "/Users/jackson/ParF/parflow/cmake/modules/RunFileCompareTest.cmake"
Directory: /Users/jackson/ParF/parflow/pftools/test
"mask-test-6" start time: Dec 18 13:20 MST
Output:
----------------------------------------------------------
-- Domain Size = (4,4,1)
Starting corner = (0,0,0)
Cell Size = (1,1,1)
Bottom patch = 2
Side patch = 3

Number of triangles in patch 1 = 24
Number of triangles in patch 2 = 24
Number of triangles in patch 3 = 48

-- Comparing mask-test-6.pfsol
-- Comparing mask-test-6.vtk
<end of output>
Test time =   0.04 sec
----------------------------------------------------------
Test Passed.
"mask-test-6" end time: Dec 18 13:20 MST
"mask-test-6" time elapsed: 00:00:00
----------------------------------------------------------

138/146 Testing: mask-test-7
138/146 Test: mask-test-7
Command: "/usr/local/bin/cmake" "-DPFCMD=/Users/jackson/ParF/parflow/build/pftools/pfmask-to-pfsol;--mask;mask-test-7.asc;--vtk;mask-test-7.vtk;--pfsol;mask-test-7.pfsol;--bottom-patch-label;2;--side-patch-label;3" "-DPFFILES=mask-test-7.pfsol;mask-test-7.vtk" "-P" "/Users/jackson/ParF/parflow/cmake/modules/RunFileCompareTest.cmake"
Directory: /Users/jackson/ParF/parflow/pftools/test
"mask-test-7" start time: Dec 18 13:20 MST
Output:
----------------------------------------------------------
-- Domain Size = (4,4,1)
Starting corner = (0,0,0)
Cell Size = (1,1,1)
Bottom patch = 2
Side patch = 3

Number of triangles in patch 1 = 30
Number of triangles in patch 2 = 30
Number of triangles in patch 3 = 40

-- Comparing mask-test-7.pfsol
-- Comparing mask-test-7.vtk
<end of output>
Test time =   0.04 sec
----------------------------------------------------------
Test Passed.
"mask-test-7" end time: Dec 18 13:20 MST
"mask-test-7" time elapsed: 00:00:00
----------------------------------------------------------

139/146 Testing: mask-test-8
139/146 Test: mask-test-8
Command: "/usr/local/bin/cmake" "-DPFCMD=/Users/jackson/ParF/parflow/build/pftools/pfmask-to-pfsol;--mask;mask-test-8.asc;--vtk;mask-test-8.vtk;--pfsol;mask-test-8.pfsol;--bottom-patch-label;2;--side-patch-label;3" "-DPFFILES=mask-test-8.pfsol;mask-test-8.vtk" "-P" "/Users/jackson/ParF/parflow/cmake/modules/RunFileCompareTest.cmake"
Directory: /Users/jackson/ParF/parflow/pftools/test
"mask-test-8" start time: Dec 18 13:20 MST
Output:
----------------------------------------------------------
-- Domain Size = (2,1,1)
Starting corner = (0,0,0)
Cell Size = (1,1,1)
Bottom patch = 2
Side patch = 3

Number of triangles in patch 1 = 2
Number of triangles in patch 2 = 4
Number of triangles in patch 3 = 12
Number of triangles in patch 4 = 2

-- Comparing mask-test-8.pfsol
-- Comparing mask-test-8.vtk
<end of output>
Test time =   0.04 sec
----------------------------------------------------------
Test Passed.
"mask-test-8" end time: Dec 18 13:20 MST
"mask-test-8" time elapsed: 00:00:00
----------------------------------------------------------

140/146 Testing: mask-test-9
140/146 Test: mask-test-9
Command: "/usr/local/bin/cmake" "-DPFCMD=/Users/jackson/ParF/parflow/build/pftools/pfmask-to-pfsol;--mask;mask-test-9.asc;--vtk;mask-test-9.vtk;--pfsol;mask-test-9.pfsol;--bottom-patch-label;2;--side-patch-label;3" "-DPFFILES=mask-test-9.pfsol;mask-test-9.vtk" "-P" "/Users/jackson/ParF/parflow/cmake/modules/RunFileCompareTest.cmake"
Directory: /Users/jackson/ParF/parflow/pftools/test
"mask-test-9" start time: Dec 18 13:20 MST
Output:
----------------------------------------------------------
-- Domain Size = (4,4,1)
Starting corner = (0,0,0)
Cell Size = (1,1,1)
Bottom patch = 2
Side patch = 3

Number of triangles in patch 1 = 24
Number of triangles in patch 2 = 32
Number of triangles in patch 3 = 32
Number of triangles in patch 4 = 8

-- Comparing mask-test-9.pfsol
-- Comparing mask-test-9.vtk
<end of output>
Test time =   0.04 sec
----------------------------------------------------------
Test Passed.
"mask-test-9" end time: Dec 18 13:20 MST
"mask-test-9" time elapsed: 00:00:00
----------------------------------------------------------

141/146 Testing: mask-test-10
141/146 Test: mask-test-10
Command: "/usr/local/bin/cmake" "-DPFCMD=/Users/jackson/ParF/parflow/build/pftools/pfmask-to-pfsol;--mask;mask-test-10.asc;--vtk;mask-test-10.vtk;--pfsol;mask-test-10.pfsol;--bottom-patch-label;2;--side-patch-label;3" "-DPFFILES=mask-test-10.pfsol;mask-test-10.vtk" "-P" "/Users/jackson/ParF/parflow/cmake/modules/RunFileCompareTest.cmake"
Directory: /Users/jackson/ParF/parflow/pftools/test
"mask-test-10" start time: Dec 18 13:20 MST
Output:
----------------------------------------------------------
-- Domain Size = (10,10,1)
Starting corner = (0,0,0)
Cell Size = (1,1,1)
Bottom patch = 2
Side patch = 3

Number of triangles in patch 1 = 104
Number of triangles in patch 2 = 104
Number of triangles in patch 3 = 80

-- Comparing mask-test-10.pfsol
-- Comparing mask-test-10.vtk
<end of output>
Test time =   0.05 sec
----------------------------------------------------------
Test Passed.
"mask-test-10" end time: Dec 18 13:20 MST
"mask-test-10" time elapsed: 00:00:00
----------------------------------------------------------

142/146 Testing: mask-test-11
142/146 Test: mask-test-11
Command: "/usr/local/bin/cmake" "-DPFCMD=/Users/jackson/ParF/parflow/build/pftools/pfmask-to-pfsol;--mask;mask-test-11.asc;--vtk;mask-test-11.vtk;--pfsol;mask-test-11.pfsol;--bottom-patch-label;2;--side-patch-label;3" "-DPFFILES=mask-test-11.pfsol;mask-test-11.vtk" "-P" "/Users/jackson/ParF/parflow/cmake/modules/RunFileCompareTest.cmake"
Directory: /Users/jackson/ParF/parflow/pftools/test
"mask-test-11" start time: Dec 18 13:20 MST
Output:
----------------------------------------------------------
-- Domain Size = (10,10,1)
Starting corner = (0,0,0)
Cell Size = (1,1,1)
Bottom patch = 2
Side patch = 3

Number of triangles in patch 1 = 124
Number of triangles in patch 2 = 104
Number of triangles in patch 3 = 80
Number of triangles in patch 4 = 4

-- Comparing mask-test-11.pfsol
-- Comparing mask-test-11.vtk
<end of output>
Test time =   0.05 sec
----------------------------------------------------------
Test Passed.
"mask-test-11" end time: Dec 18 13:20 MST
"mask-test-11" time elapsed: 00:00:00
----------------------------------------------------------

143/146 Testing: mask-test-12
143/146 Test: mask-test-12
Command: "/usr/local/bin/cmake" "-DPFCMD=/Users/jackson/ParF/parflow/build/pftools/pfmask-to-pfsol;--mask;mask-test-12.asc;--vtk;mask-test-12.vtk;--pfsol;mask-test-12.pfsol;--bottom-patch-label;2;--side-patch-label;3" "-DPFFILES=mask-test-12.pfsol;mask-test-12.vtk" "-P" "/Users/jackson/ParF/parflow/cmake/modules/RunFileCompareTest.cmake"
Directory: /Users/jackson/ParF/parflow/pftools/test
"mask-test-12" start time: Dec 18 13:20 MST
Output:
----------------------------------------------------------
-- Domain Size = (4,4,1)
Starting corner = (10,10,0)
Cell Size = (2,2,2)
Bottom patch = 2
Side patch = 3

Number of triangles in patch 1 = 8
Number of triangles in patch 2 = 8
Number of triangles in patch 3 = 16

-- Comparing mask-test-12.pfsol
-- Comparing mask-test-12.vtk
<end of output>
Test time =   0.06 sec
----------------------------------------------------------
Test Passed.
"mask-test-12" end time: Dec 18 13:20 MST
"mask-test-12" time elapsed: 00:00:00
----------------------------------------------------------

144/146 Testing: depth-test-1
144/146 Test: depth-test-1
Command: "/usr/local/bin/cmake" "-DPFCMD=/Users/jackson/ParF/parflow/build/pftools/pfmask-to-pfsol;--mask;depth-test-1.asc;--vtk;depth-test-1.vtk;--pfsol;depth-test-1.pfsol;--bottom-patch-label;2;--side-patch-label;3;--z-bottom;1000.0" "-DPFFILES=depth-test-1.pfsol;depth-test-1.vtk" "-P" "/Users/jackson/ParF/parflow/cmake/modules/RunFileCompareTest.cmake"
Directory: /Users/jackson/ParF/parflow/pftools/test
"depth-test-1" start time: Dec 18 13:20 MST
Output:
----------------------------------------------------------
-- Domain Size = (4,4,1)
Starting corner = (0,0,0)
Cell Size = (1,1,1000)
Bottom patch = 2
Side patch = 3

Number of triangles in patch 1 = 8
Number of triangles in patch 2 = 8
Number of triangles in patch 3 = 16

-- Comparing depth-test-1.pfsol
-- Comparing depth-test-1.vtk
<end of output>
Test time =   0.05 sec
----------------------------------------------------------
Test Passed.
"depth-test-1" end time: Dec 18 13:20 MST
"depth-test-1" time elapsed: 00:00:00
----------------------------------------------------------

145/146 Testing: depth-test-2
145/146 Test: depth-test-2
Command: "/usr/local/bin/cmake" "-DPFCMD=/Users/jackson/ParF/parflow/build/pftools/pfmask-to-pfsol;--mask;depth-test-2.asc;--vtk;depth-test-2.vtk;--pfsol;depth-test-2.pfsol;--bottom-patch-label;2;--side-patch-label;3;--z-top;100.0;--z-bottom;1000.0" "-DPFFILES=depth-test-2.pfsol;depth-test-2.vtk" "-P" "/Users/jackson/ParF/parflow/cmake/modules/RunFileCompareTest.cmake"
Directory: /Users/jackson/ParF/parflow/pftools/test
"depth-test-2" start time: Dec 18 13:20 MST
Output:
----------------------------------------------------------
-- Domain Size = (4,4,1)
Starting corner = (0,0,100)
Cell Size = (1,1,900)
Bottom patch = 2
Side patch = 3

Number of triangles in patch 1 = 8
Number of triangles in patch 2 = 8
Number of triangles in patch 3 = 16

-- Comparing depth-test-2.pfsol
-- Comparing depth-test-2.vtk
<end of output>
Test time =   0.04 sec
----------------------------------------------------------
Test Passed.
"depth-test-2" end time: Dec 18 13:20 MST
"depth-test-2" time elapsed: 00:00:00
----------------------------------------------------------

146/146 Testing: multiple-mask-test-1
146/146 Test: multiple-mask-test-1
Command: "/usr/local/bin/cmake" "-DPFCMD=/Users/jackson/ParF/parflow/build/pftools/pfmask-to-pfsol;--mask-top;multiple-mask-test-1-top.asc;--mask-bottom;multiple-mask-test-1-bottom.asc;--mask-left;multiple-mask-test-1-left.asc;--mask-right;multiple-mask-test-1-right.asc;--mask-front;multiple-mask-test-1-front.asc;--mask-back;multiple-mask-test-1-back.asc;--vtk;multiple-mask-test-1.vtk;--pfsol;multiple-mask-test-1.pfsol" "-DPFFILES=multiple-mask-test-1.pfsol;multiple-mask-test-1.vtk" "-P" "/Users/jackson/ParF/parflow/cmake/modules/RunFileCompareTest.cmake"
Directory: /Users/jackson/ParF/parflow/pftools/test
"multiple-mask-test-1" start time: Dec 18 13:20 MST
Output:
----------------------------------------------------------
-- Domain Size = (4,4,1)
Starting corner = (0,0,0)
Cell Size = (1,1,1)
Bottom patch = 2
Side patch = 3

Number of triangles in patch 1 = 2
Number of triangles in patch 2 = 2
Number of triangles in patch 3 = 2
Number of triangles in patch 4 = 2
Number of triangles in patch 11 = 2
Number of triangles in patch 12 = 2
Number of triangles in patch 13 = 2
Number of triangles in patch 14 = 2
Number of triangles in patch 21 = 2
Number of triangles in patch 23 = 2
Number of triangles in patch 32 = 2
Number of triangles in patch 34 = 2
Number of triangles in patch 43 = 2
Number of triangles in patch 44 = 2
Number of triangles in patch 51 = 2
Number of triangles in patch 52 = 2

-- Comparing multiple-mask-test-1.pfsol
-- Comparing multiple-mask-test-1.vtk
<end of output>
Test time =   0.05 sec
----------------------------------------------------------
Test Passed.
"multiple-mask-test-1" end time: Dec 18 13:20 MST
"multiple-mask-test-1" time elapsed: 00:00:00
----------------------------------------------------------

End testing: Dec 18 13:20 MST
